MPRINT(EM_DIAGRAM):    data _null_;
MPRINT(EM_DIAGRAM):   call symput('NLDATE', strip(put(date(), NLDATE.)));
MPRINT(EM_DIAGRAM):   call symput('NLTIME', strip(put(datetime(), NLTIME.)));
MPRINT(EM_DIAGRAM):   run;
MPRINT(EM_DIAGRAM):   data _null_;
MPRINT(EM_DIAGRAM):   nldate= sasmsg("sashelp.dmine", "log_date_note", 'N', "April 16, 2022" );
MPRINT(EM_DIAGRAM):   nltime= sasmsg("sashelp.dmine", "log_time_note", 'N', "02:21:48 o'clock" );
MPRINT(EM_DIAGRAM):   put "*------------------------------------------------------------*";
MPRINT(EM_DIAGRAM):   put "* Report Log";
MPRINT(EM_DIAGRAM):   put nldate;
MPRINT(EM_DIAGRAM):   put nltime;
MPRINT(EM_DIAGRAM):   put "*------------------------------------------------------------*";
MPRINT(EM_DIAGRAM):   run;
*------------------------------------------------------------*
* Report Log
Date:                April 16, 2022
Time:                02:21:48 o'clock
*------------------------------------------------------------*
MPRINT(EM_DIAGRAM):    filename O3CXHICO "D:\\127097210_Pahuja\Workspaces\EMWS1\Impt\EMREPORT.out" encoding="UTF-8" NOBOM;
MPRINT(EM_DIAGRAM):   proc printto print=O3CXHICO new;
MPRINT(EM_DIAGRAM):   run;
21771      %let _nimpute = 0;
21772      data EMWS1.Impt_RESULT;
MPRINT(EM_DIAGRAM):    data EMWS1.Impt_RESULT;
21773      label NAME = "%sysfunc(sasmsg(sashelp.dmine, meta_name_vlabel,        NOQUOTE))" METHOD = "%sysfunc(sasmsg(sashelp.dmine, rpt_imputemethod_vlabel, NOQUOTE))" IMPUTED = "%sysfunc(sasmsg(sashelp.dmine, rpt_imputedvar_vlabel,   NOQUOTE))" INDICATOR
21773    !  =
21774         "%sysfunc(sasmsg(sashelp.dmine, rpt_indicatorvar_vlabel, NOQUOTE))" VALUE = "%sysfunc(sasmsg(sashelp.dmine, rpt_imputevalue_vlabel,  NOQUOTE))" ROLE = "%sysfunc(sasmsg(sashelp.dmine, meta_role_vlabel,        NOQUOTE))" LEVEL =
21775         "%sysfunc(sasmsg(sashelp.dmine, meta_level_vlabel,       NOQUOTE))" LABEL = "%sysfunc(sasmsg(sashelp.dmine, meta_label_vlabel,       NOQUOTE))" TRAIN = "%sysfunc(sasmsg(sashelp.dmine, rpt_missingcount_vlabel, NOQUOTE, TRAIN))";
MPRINT(EM_DIAGRAM):   label NAME = "Variable Name" METHOD = "Impute Method" IMPUTED = "Imputed Variable" INDICATOR = "Indicator Variable" VALUE = "Impute Value" ROLE = "Role" LEVEL = "Measurement Level" LABEL = "Label" TRAIN = "Number of Missing for 
TRAIN";
21776      set EMWS1.Impt_META(where=(IMPUTED ne '') keep=NAME METHOD IMP VALUE ROLE NMISS LEVEL LABEL rename=(IMP=IMPUTED NMISS=TRAIN)) end=eof;
MPRINT(EM_DIAGRAM):   set EMWS1.Impt_META(where=(IMPUTED ne '') keep=NAME METHOD IMP VALUE ROLE NMISS LEVEL LABEL rename=(IMP=IMPUTED NMISS=TRAIN)) end=eof;
21777      if eof then call symput('_nimpute', '1');
MPRINT(EM_DIAGRAM):   if eof then call symput('_nimpute', '1');
21778      run;
MPRINT(EM_DIAGRAM):   run;

NOTE: Variable INDICATOR is uninitialized.
NOTE: There were 1 observations read from the data set EMWS1.IMPT_META.
      WHERE IMPUTED not = ' ';
NOTE: The data set EMWS1.IMPT_RESULT has 1 observations and 8 variables.
NOTE: DATA statement used (Total process time):
      real time           0.05 seconds
      cpu time            0.03 seconds
      

21779      proc print data=EMWS1.Impt_RESULT(obs=500) label noobs;
MPRINT(EM_DIAGRAM):    proc print data=EMWS1.Impt_RESULT(obs=500) label noobs;
21780      title9 "%sysfunc(sasmsg(sashelp.dmine, rpt_imputationsummary_title, NOQUOTE))";
MPRINT(EM_DIAGRAM):   title9 "Imputation Summary";
21781      title10 "%sysfunc(sasmsg(sashelp.dmine, rpt_numberobs_title,         NOQUOTE))";
MPRINT(EM_DIAGRAM):   title10 "Number Of Observations";
MPRINT(EM_DIAGRAM):   run;
21782      run;

NOTE: There were 1 observations read from the data set EMWS1.IMPT_RESULT.
NOTE: The PROCEDURE PRINT printed page 2.
NOTE: PROCEDURE PRINT used (Total process time):
      real time           0.02 seconds
      cpu time            0.01 seconds
      

21783      proc freq data=EMWS1.Impt_RESULT noprint;
MPRINT(EM_DIAGRAM):    proc freq data=EMWS1.Impt_RESULT noprint;
21784      table train /out=WORK.ImptSUMMARY nocum;
MPRINT(EM_DIAGRAM):   table train /out=WORK.ImptSUMMARY nocum;
21785      run;
MPRINT(EM_DIAGRAM):   run;

NOTE: There were 1 observations read from the data set EMWS1.IMPT_RESULT.
NOTE: The data set WORK.IMPTSUMMARY has 1 observations and 3 variables.
NOTE: PROCEDURE FREQ used (Total process time):
      real time           0.01 seconds
      cpu time            0.00 seconds
      

21786      proc sort data=WORK.ImptSUMMARY NOTHREADS;
MPRINT(EM_DIAGRAM):   proc sort data=WORK.ImptSUMMARY NOTHREADS;
21787      by descending TRAIN;
MPRINT(EM_DIAGRAM):   by descending TRAIN;
21788      run;
MPRINT(EM_DIAGRAM):   run;

NOTE: There were 1 observations read from the data set WORK.IMPTSUMMARY.
NOTE: The data set WORK.IMPTSUMMARY has 1 observations and 3 variables.
NOTE: PROCEDURE SORT used (Total process time):
      real time           0.00 seconds
      cpu time            0.01 seconds
      

21789      proc print data=WORK.ImptSUMMARY(obs=100) label;
MPRINT(EM_DIAGRAM):   proc print data=WORK.ImptSUMMARY(obs=100) label;
21790      label COUNT = "%sysfunc(sasmsg(sashelp.dmine, rpt_varcount_vlabel,  NOQUOTE))" PERCENT = "%sysfunc(sasmsg(sashelp.dmine, rpt_varpercent_vlabel,  NOQUOTE))";
MPRINT(EM_DIAGRAM):   label COUNT = "Number of Variables" PERCENT = "Percent of Variables";
21791      title9 ' ';
MPRINT(EM_DIAGRAM):   title9 ' ';
21792      title10 "%sysfunc(sasmsg(sashelp.dmine, rpt_missingvardistribution_title, NOQUOTE))";
MPRINT(EM_DIAGRAM):   title10 "Variable Distribution Training Data";
MPRINT(EM_DIAGRAM):   run;
21793      run;

NOTE: There were 1 observations read from the data set WORK.IMPTSUMMARY.
NOTE: The PROCEDURE PRINT printed page 3.
NOTE: PROCEDURE PRINT used (Total process time):
      real time           0.02 seconds
      cpu time            0.01 seconds
      

21794      data EMWS1.Impt_EMSCOREVAR;
MPRINT(EM_DIAGRAM):    data EMWS1.Impt_EMSCOREVAR;
21795      length Name $32 formula $70 file $200;
MPRINT(EM_DIAGRAM):   length Name $32 formula $70 file $200;
21796      keep NAME Formula file;
MPRINT(EM_DIAGRAM):   keep NAME Formula file;
21797      set EMWS1.Impt_META end=eof;
MPRINT(EM_DIAGRAM):   set EMWS1.Impt_META end=eof;
21798      *set EMWS1.Impt_RESULT end=eof;
MPRINT(EM_DIAGRAM):   *set EMWS1.Impt_RESULT end=eof;
21799      if M ne '' then do;
MPRINT(EM_DIAGRAM):   if M ne '' then do;
21800      NAME= M;
MPRINT(EM_DIAGRAM):   NAME= M;
21801      file="IMPUTECODE\"!!strip(NAME)!!'.sas';
MPRINT(EM_DIAGRAM):   file="IMPUTECODE\"!!strip(NAME)!!'.sas';
21802      output;
MPRINT(EM_DIAGRAM):   output;
21803      end;
MPRINT(EM_DIAGRAM):   end;
21804      if IMP ne '' then do;
MPRINT(EM_DIAGRAM):   if IMP ne '' then do;
21805      NAME= IMP;
MPRINT(EM_DIAGRAM):   NAME= IMP;
21806      file="IMPUTECODE\"!!strip(NAME)!!'.sas';
MPRINT(EM_DIAGRAM):   file="IMPUTECODE\"!!strip(NAME)!!'.sas';
21807      output;
MPRINT(EM_DIAGRAM):   output;
21808      end;
MPRINT(EM_DIAGRAM):   end;
21809      run;
MPRINT(EM_DIAGRAM):   run;

NOTE: Variable formula is uninitialized.
NOTE: There were 6 observations read from the data set EMWS1.IMPT_META.
NOTE: The data set EMWS1.IMPT_EMSCOREVAR has 7 observations and 3 variables.
NOTE: DATA statement used (Total process time):
      real time           0.00 seconds
      cpu time            0.00 seconds
      

MPRINT(EM_DIAGRAM):    proc printto;
MPRINT(EM_DIAGRAM):   run;
