MPRINT(EM_DIAGRAM):    data _null_;
MPRINT(EM_DIAGRAM):   call symput('NLDATE', strip(put(date(), NLDATE.)));
MPRINT(EM_DIAGRAM):   call symput('NLTIME', strip(put(datetime(), NLTIME.)));
MPRINT(EM_DIAGRAM):   run;
MPRINT(EM_DIAGRAM):   data _null_;
MPRINT(EM_DIAGRAM):   nldate= sasmsg("sashelp.dmine", "log_date_note", 'N', "April 16, 2022" );
MPRINT(EM_DIAGRAM):   nltime= sasmsg("sashelp.dmine", "log_time_note", 'N', "02:24:07 o'clock" );
MPRINT(EM_DIAGRAM):   put "*------------------------------------------------------------*";
MPRINT(EM_DIAGRAM):   put "* Training Log";
MPRINT(EM_DIAGRAM):   put nldate;
MPRINT(EM_DIAGRAM):   put nltime;
MPRINT(EM_DIAGRAM):   put "*------------------------------------------------------------*";
MPRINT(EM_DIAGRAM):   run;
*------------------------------------------------------------*
* Training Log
Date:                April 16, 2022
Time:                02:24:07 o'clock
*------------------------------------------------------------*
MPRINT(EM_DIAGRAM):    filename O3WBFMI3 "D:\\127097210_Pahuja\Workspaces\EMWS1\Clus\EMTRAIN.out" encoding="UTF-8" NOBOM;
MPRINT(EM_DIAGRAM):   proc printto print=O3WBFMI3 new;
MPRINT(EM_DIAGRAM):   run;
MPRINT(EM_DIAGRAM):    filename _LOG "D:\\127097210_Pahuja\Workspaces\EMWS1\Clus\EMLOG.log" encoding="UTF-8" NOBOM;
MPRINT(EM_DIAGRAM):    data _null_;
MPRINT(EM_DIAGRAM):   call symput('NLDATE', strip(put(date(), NLDATE.)));
MPRINT(EM_DIAGRAM):   call symput('NLTIME', strip(put(datetime(), NLTIME.)));
MPRINT(EM_DIAGRAM):   run;
MPRINT(EM_DIAGRAM):   data _null_;
MPRINT(EM_DIAGRAM):   nldate= sasmsg("sashelp.dmine", "log_date_note", 'N', "April 16, 2022" );
MPRINT(EM_DIAGRAM):   nltime= sasmsg("sashelp.dmine", "log_time_note", 'N', "02:24:07 o'clock" );
MPRINT(EM_DIAGRAM):   file _LOG;
MPRINT(EM_DIAGRAM):   put "*------------------------------------------------------------*";
MPRINT(EM_DIAGRAM):   put "User:                manas";
MPRINT(EM_DIAGRAM):   put nldate;
MPRINT(EM_DIAGRAM):   put nltime;
MPRINT(EM_DIAGRAM):   put "Site:                70192439";
MPRINT(EM_DIAGRAM):   put "Platform:            X64_8HOME";
MPRINT(EM_DIAGRAM):   put "Maintenance Release: 9.04.01M3P062415";
MPRINT(EM_DIAGRAM):   put "EM Version:          14.1";
MPRINT(EM_DIAGRAM):   put "* ";
MPRINT(EM_DIAGRAM):   run;
MPRINT(EM_DIAGRAM):    filename _LOGIN "D:\\127097210_Pahuja\Workspaces\EMWS1\Clus\EMTRAIN.log" encoding="UTF-8" NOBOM;
MPRINT(EM_COPYFILE):   data _null_;
MPRINT(EM_COPYFILE):   length line $20000;
MPRINT(EM_COPYFILE):   file _LOG MOD lrecl=20000;
MPRINT(EM_COPYFILE):   fid=fopen("_LOGIN",'i',20000,'v');
MPRINT(EM_COPYFILE):   if fid > 0 then do;
MPRINT(EM_COPYFILE):   do while(^fread(fid));
MPRINT(EM_COPYFILE):   rlen = frlen(fid);
MPRINT(EM_COPYFILE):   rc= fget(fid,line,20000);
MPRINT(EM_COPYFILE):   start = length(line)-length(left(line))+1;
MPRINT(EM_COPYFILE):   line=strip(line);
MPRINT(EM_COPYFILE):   put @start line;
MPRINT(EM_COPYFILE):   end;
MPRINT(EM_COPYFILE):   if fid > 0 then rc=fclose(fid);
MPRINT(EM_COPYFILE):   end;
MPRINT(EM_COPYFILE):   run;
MPRINT(EM_DIAGRAM):  ;
MPRINT(EM_DIAGRAM):   filename _LOGIN;
MPRINT(EM_DIAGRAM):    data _null_;
MPRINT(EM_DIAGRAM):   file _LOG mod;
MPRINT(EM_DIAGRAM):   put _page_;
MPRINT(EM_DIAGRAM):   run;
MPRINT(EM_DIAGRAM):   filename _LOGIN "D:\\127097210_Pahuja\Workspaces\EMWS1\Clus\EMSCORE.log" encoding="UTF-8" NOBOM;
MPRINT(EM_DIAGRAM):  ;
MPRINT(EM_DIAGRAM):   data _null_;
MPRINT(EM_DIAGRAM):   file _LOG mod;
MPRINT(EM_DIAGRAM):   put _page_;
MPRINT(EM_DIAGRAM):   run;
MPRINT(EM_DIAGRAM):    filename _LOGIN "D:\\127097210_Pahuja\Workspaces\EMWS1\Clus\EMREPORT.log" encoding="UTF-8" NOBOM;
MPRINT(EM_DIAGRAM):  ;
MPRINT(EM_DIAGRAM):   filename _LOGIN;
MPRINT(EM_DIAGRAM):    filename _LOG;
MPRINT(EM_DIAGRAM):    filename _OUT "D:\\127097210_Pahuja\Workspaces\EMWS1\Clus\EMOUTPUT.out" encoding="UTF-8" NOBOM;
MPRINT(EM_DIAGRAM):    data _null_;
MPRINT(EM_DIAGRAM):   call symput('NLDATE', strip(put(date(), NLDATE.)));
MPRINT(EM_DIAGRAM):   call symput('NLTIME', strip(put(datetime(), NLTIME.)));
MPRINT(EM_DIAGRAM):   run;
MPRINT(EM_DIAGRAM):   data _null_;
MPRINT(EM_DIAGRAM):   nldate= sasmsg("sashelp.dmine", "log_date_note", 'N', "April 16, 2022" );
MPRINT(EM_DIAGRAM):   nltime= sasmsg("sashelp.dmine", "log_time_note", 'N', "02:24:08 o'clock" );
MPRINT(EM_DIAGRAM):   file _OUT;
MPRINT(EM_DIAGRAM):   put "*------------------------------------------------------------*";
MPRINT(EM_DIAGRAM):   put "User:                manas";
MPRINT(EM_DIAGRAM):   put nldate;
MPRINT(EM_DIAGRAM):   put nltime;
MPRINT(EM_DIAGRAM):   put "*------------------------------------------------------------*";
MPRINT(EM_DIAGRAM):   put "* Training Output";
MPRINT(EM_DIAGRAM):   put "*------------------------------------------------------------*";
MPRINT(EM_DIAGRAM):   run;
MPRINT(EM_DIAGRAM):    filename _OUTIN "D:\\127097210_Pahuja\Workspaces\EMWS1\Clus\EMTRAIN.out" encoding="UTF-8" NOBOM;
MPRINT(EM_DIAGRAM):   ;
MPRINT(EM_COPYFILE):   data _null_;
MPRINT(EM_COPYFILE):   length line $20000;
MPRINT(EM_COPYFILE):   file _OUT MOD lrecl=20000;
MPRINT(EM_COPYFILE):   fid=fopen("_OUTIN",'i',20000,'v');
MPRINT(EM_COPYFILE):   if fid > 0 then do;
MPRINT(EM_COPYFILE):   do while(^fread(fid));
MPRINT(EM_COPYFILE):   rlen = frlen(fid);
MPRINT(EM_COPYFILE):   rc= fget(fid,line,20000);
MPRINT(EM_COPYFILE):   start = length(line)-length(left(line))+1;
MPRINT(EM_COPYFILE):   line=strip(line);
MPRINT(EM_COPYFILE):   put @start line;
MPRINT(EM_COPYFILE):   end;
MPRINT(EM_COPYFILE):   if fid > 0 then rc=fclose(fid);
MPRINT(EM_COPYFILE):   end;
MPRINT(EM_COPYFILE):   run;
MPRINT(EM_DIAGRAM):  ;
MPRINT(EM_DIAGRAM):   filename _OUTIN;
MPRINT(EM_DIAGRAM):    data _null_;
MPRINT(EM_DIAGRAM):   file _OUT mod;
MPRINT(EM_DIAGRAM):   put _page_;
MPRINT(EM_DIAGRAM):   put // "*------------------------------------------------------------*";
MPRINT(EM_DIAGRAM):   put "* Score Output";
MPRINT(EM_DIAGRAM):   put "*------------------------------------------------------------*";
MPRINT(EM_DIAGRAM):   run;
MPRINT(EM_DIAGRAM):    filename _OUTIN "D:\\127097210_Pahuja\Workspaces\EMWS1\Clus\EMSCORE.out" encoding="UTF-8" NOBOM;
MPRINT(EM_DIAGRAM):  ;
MPRINT(EM_DIAGRAM):   filename _OUTIN;
MPRINT(EM_DIAGRAM):    data _null_;
MPRINT(EM_DIAGRAM):   file _OUT mod;
MPRINT(EM_DIAGRAM):   put _page_;
MPRINT(EM_DIAGRAM):   put // "*------------------------------------------------------------*";
MPRINT(EM_DIAGRAM):   put "* Report Output";
MPRINT(EM_DIAGRAM):   put "*------------------------------------------------------------*";
MPRINT(EM_DIAGRAM):   run;
MPRINT(EM_DIAGRAM):    filename _OUTIN "D:\\127097210_Pahuja\Workspaces\EMWS1\Clus\EMREPORT.out" encoding="UTF-8" NOBOM;
MPRINT(EM_DIAGRAM):  ;
MPRINT(EM_DIAGRAM):   filename _OUTIN;
MPRINT(EM_DIAGRAM):    filename _OUT;
MPRINT(EM_DIAGRAM):    filename _emtool_ 'D:\\127097210_Pahuja\Workspaces\EMWS1\Clus\EMRUNSTATUS.xml' encoding="UTF-8" NOBOM;
21075      proc freq data=EMWS1.Clus_VariableSet noprint;
MPRINT(EM_DIAGRAM):    proc freq data=EMWS1.Clus_VariableSet noprint;
21076      table ROLE*LEVEL/out=WORK.ClusMETA;
MPRINT(EM_DIAGRAM):   table ROLE*LEVEL/out=WORK.ClusMETA;
21077      run;
MPRINT(EM_DIAGRAM):   run;

NOTE: There were 13 observations read from the data set EMWS1.CLUS_VARIABLESET.
NOTE: The data set WORK.CLUSMETA has 4 observations and 4 variables.
NOTE: PROCEDURE FREQ used (Total process time):
      real time           0.08 seconds
      cpu time            0.01 seconds
      

21078      proc print data=WORK.ClusMETA label noobs;
MPRINT(EM_DIAGRAM):   proc print data=WORK.ClusMETA label noobs;
21079      var ROLE LEVEL COUNT;
MPRINT(EM_DIAGRAM):   var ROLE LEVEL COUNT;
21080      label ROLE = "%sysfunc(sasmsg(sashelp.dmine, meta_role_vlabel, NOQUOTE))" LEVEL = "%sysfunc(sasmsg(sashelp.dmine, meta_level_vlabel, NOQUOTE))" COUNT = "%sysfunc(sasmsg(sashelp.dmine, rpt_count_vlabel, NOQUOTE))";
MPRINT(EM_DIAGRAM):   label ROLE = "Role" LEVEL = "Measurement Level" COUNT = "Frequency Count";
21081      title9 ' ';
MPRINT(EM_DIAGRAM):   title9 ' ';
21082      title10 "%sysfunc(sasmsg(sashelp.dmine, rpt_varSummary_title  , NOQUOTE))";
MPRINT(EM_DIAGRAM):   title10 "Variable Summary";
MPRINT(EM_DIAGRAM):   run;
21083      run;

NOTE: There were 4 observations read from the data set WORK.CLUSMETA.
NOTE: The PROCEDURE PRINT printed page 1.
NOTE: PROCEDURE PRINT used (Total process time):
      real time           0.08 seconds
      cpu time            0.01 seconds
      

21084      title10;
MPRINT(EM_DIAGRAM):   title10;
21085      data WORK.M1NB3BTG;
MPRINT(EM_DIAGRAM):    data WORK.M1NB3BTG;
21086      set WORK.M1NB3BTG;
MPRINT(EM_DIAGRAM):   set WORK.M1NB3BTG;
21087      if role eq 'REJECTED' then role = 'INPUT';
MPRINT(EM_DIAGRAM):   if role eq 'REJECTED' then role = 'INPUT';
21088      run;
MPRINT(EM_DIAGRAM):   run;

NOTE: There were 5 observations read from the data set WORK.M1NB3BTG.
NOTE: The data set WORK.M1NB3BTG has 5 observations and 21 variables.
NOTE: DATA statement used (Total process time):
      real time           0.07 seconds
      cpu time            0.03 seconds
      

MPRINT(EM_DIAGRAM):    *------------------------------------------------------------*;
MPRINT(EM_DIAGRAM):   * Clus: Preparing metadata for training;
MPRINT(EM_DIAGRAM):   ;
MPRINT(EM_DIAGRAM):   *------------------------------------------------------------*;
MPRINT(EM_DIAGRAM):   data WORK.M1NB3BTG;
MPRINT(EM_DIAGRAM):   set WORK.M1NB3BTG;
MPRINT(EM_DIAGRAM):   if role eq 'REJECTED' then role = 'INPUT';
MPRINT(EM_DIAGRAM):   run;
21097      *------------------------------------------------------------*;
MPRINT(EM_DIAGRAM):    *------------------------------------------------------------*;
21098      * Clus: Preliminary Clustering;
MPRINT(EM_DIAGRAM):   * Clus: Preliminary Clustering;
21099      *------------------------------------------------------------*;
MPRINT(EM_DIAGRAM):   *------------------------------------------------------------*;
21100      *------------------------------------------------------------* ;
MPRINT(EM_DIAGRAM):   *------------------------------------------------------------* ;
21101      * Clus: DMDBClass Macro ;
MPRINT(EM_DIAGRAM):   * Clus: DMDBClass Macro ;
21102      *------------------------------------------------------------* ;
MPRINT(EM_DIAGRAM):   *------------------------------------------------------------* ;
21103      %macro DMDBClass;
21104          IMP_node_caps(ASC) irradiat(ASC)
21105      %mend DMDBClass;
21106      *------------------------------------------------------------* ;
MPRINT(EM_DIAGRAM):   *------------------------------------------------------------* ;
21107      * Clus: DMDBVar Macro ;
MPRINT(EM_DIAGRAM):   * Clus: DMDBVar Macro ;
21108      *------------------------------------------------------------* ;
MPRINT(EM_DIAGRAM):   *------------------------------------------------------------* ;
21109      %macro DMDBVar;
21110          AvgTumorSize Avginv_node_group deg_malig
21111      %mend DMDBVar;
21112      *------------------------------------------------------------*;
MPRINT(EM_DIAGRAM):   *------------------------------------------------------------*;
21113      * Clus: Create DMDB;
MPRINT(EM_DIAGRAM):   * Clus: Create DMDB;
21114      *------------------------------------------------------------*;
MPRINT(EM_DIAGRAM):   *------------------------------------------------------------*;
21115      proc dmdb batch data=EMWS1.Impt_TRAIN
21116      dmdbcat=WORK.Clus_DMDB
21117      maxlevel = 513
21118      out=WORK.Clus_DMDB
21119      ;
MPRINT(EM_DIAGRAM):   proc dmdb batch data=EMWS1.Impt_TRAIN dmdbcat=WORK.Clus_DMDB maxlevel = 513 out=WORK.Clus_DMDB ;
MPRINT(EM_DIAGRAM):   class
21120      class %DMDBClass;
MPRINT(DMDBCLASS):   IMP_node_caps(ASC) irradiat(ASC)
MPRINT(EM_DIAGRAM):  ;
MPRINT(EM_DIAGRAM):   var
21121      var %DMDBVar;
MPRINT(DMDBVAR):   AvgTumorSize Avginv_node_group deg_malig
MPRINT(EM_DIAGRAM):  ;
21122      run;
MPRINT(EM_DIAGRAM):   run;

NOTE: Records processed = 227   Memory used = 511K.
NOTE: View EMWS1.IMPT_TRAIN.VIEW used (Total process time):
      real time           0.12 seconds
      cpu time            0.06 seconds
      
NOTE: There were 227 observations read from the data set EMWS1.PART_TRAIN.
NOTE: There were 227 observations read from the data set EMWS1.IMPT_TRAIN.
NOTE: The data set WORK.CLUS_DMDB has 227 observations and 5 variables.
NOTE: PROCEDURE DMDB used (Total process time):
      real time           0.15 seconds
      cpu time            0.07 seconds
      

MPRINT(EM_DIAGRAM):   quit;
MPRINT(EM_DIAGRAM):   *--- end code ---*;
21123      quit;
21124      *--- end code ---*;

21125      *------------------------------------------------------------* ;
MPRINT(EM_DIAGRAM):    *------------------------------------------------------------* ;
21126      * Clus: Interval Inputs Macro ;
MPRINT(EM_DIAGRAM):   * Clus: Interval Inputs Macro ;
21127      *------------------------------------------------------------* ;
MPRINT(EM_DIAGRAM):   *------------------------------------------------------------* ;
21128      %macro DMVQINTERVAL;
21129          AvgTumorSize Avginv_node_group deg_malig
21130      %mend DMVQINTERVAL;
21131      *------------------------------------------------------------* ;
MPRINT(EM_DIAGRAM):   *------------------------------------------------------------* ;
21132      * Clus: Nominal Inputs Macro ;
MPRINT(EM_DIAGRAM):   * Clus: Nominal Inputs Macro ;
21133      *------------------------------------------------------------* ;
MPRINT(EM_DIAGRAM):   *------------------------------------------------------------* ;
21134      %macro DMVQNOMINAL;
21135          IMP_node_caps irradiat
21136      %mend DMVQNOMINAL;
21137      *------------------------------------------------------------*;
MPRINT(EM_DIAGRAM):   *------------------------------------------------------------*;
21138      * Clus: Run DMVQ procedure;
MPRINT(EM_DIAGRAM):   * Clus: Run DMVQ procedure;
21139      *------------------------------------------------------------*;
MPRINT(EM_DIAGRAM):   *------------------------------------------------------------*;
21140      title;
MPRINT(EM_DIAGRAM):   title;
21141      options nodate;
MPRINT(EM_DIAGRAM):   options nodate;
21142      proc dmvq data=WORK.Clus_DMDB dmdbcat=WORK.Clus_DMDB std=STD nominal=GLM ordinal=RANK
21143      ;
MPRINT(EM_DIAGRAM):   proc dmvq data=WORK.Clus_DMDB dmdbcat=WORK.Clus_DMDB std=STD nominal=GLM ordinal=RANK ;
NOTE: The training set WORK.CLUS_DMDB.DATA has 5 variable(s).
NOTE: The DMVQ statement has finished with return code=0 and status=begin.
MPRINT(EM_DIAGRAM):   input
21144      input %DMVQINTERVAL / level=interval;
MPRINT(DMVQINTERVAL):   AvgTumorSize Avginv_node_group deg_malig
MPRINT(EM_DIAGRAM):   / level=interval;
NOTE: 3 input variable(s) defined for ID=I1.
NOTE: The INPUT statement has finished with return code=0 and status=variables.
MPRINT(EM_DIAGRAM):   input
21145      input %DMVQNOMINAL / level=nominal;
MPRINT(DMVQNOMINAL):   IMP_node_caps irradiat
MPRINT(EM_DIAGRAM):   / level=nominal;
NOTE: 2 input variable(s) defined for ID=I2.
NOTE: The INPUT statement has finished with return code=0 and status=variables.
21146      VQ maxc = 50 clusname=_SEGMENT_ CLUSLABEL="Segment Id" DISTLABEL="Distance";
MPRINT(EM_DIAGRAM):   VQ maxc = 50 clusname=_SEGMENT_ CLUSLABEL="Segment Id" DISTLABEL="Distance";
NOTE: A maximum of 50 clusters have been requested.
NOTE: The VQ statement has finished with return code=0 and status=architecture.
21147      MAKE outvar=EMWS1.Clus_OUTVAR;
MPRINT(EM_DIAGRAM):   MAKE outvar=EMWS1.Clus_OUTVAR;

NOTE: 5 input variable(s).
NOTE: Number of cases=227
NOTE: Sum of frequencies=227
NOTE: Sum of weights=227
NOTE: VARDEF=DF      
NOTE: Maximum number of categories=2
NOTE: The total number of variables is 5 with dimensionality 7.
NOTE: 5 variables will be used for clustering.
NOTE: Open output data set EMWS1.CLUS_OUTVAR.DATA with 8 variables.
NOTE: The data set EMWS1.CLUS_OUTVAR has 4 observations and 8 variables.
NOTE: The MAKE statement has finished with return code=0 and status=made.
21148      INITIAL radius=0
21149      ;
MPRINT(EM_DIAGRAM):   INITIAL radius=0 ;
NOTE: 50 seeds were selected from data set WORK.CLUS_DMDB.DATA using the SEPARATE algorithm.
NOTE: The INITIAL statement has finished with return code=0 and status=initialized.
21150      TRAIN tech=FORGY
21151      ;
MPRINT(EM_DIAGRAM):   TRAIN tech=FORGY ;
NOTE: X-Convergence criterion is satisfied.
NOTE: The TRAIN statement has finished with return code=0 and status=trained.
21152      SAVE outstat=WORK.Clus_OUTSTAT outmean=EMWS1.Clus_OUTMEAN;
MPRINT(EM_DIAGRAM):   SAVE outstat=WORK.Clus_OUTSTAT outmean=EMWS1.Clus_OUTMEAN;
NOTE: The data set WORK.CLUS_OUTSTAT has 316 observations and 10 variables.
NOTE: The data set EMWS1.CLUS_OUTMEAN has 50 observations and 16 variables.
NOTE: The SAVE statement has finished with return code=0 and status=statistics.
21153      code file="D:\\127097210_Pahuja\Workspaces\EMWS1\Clus\DMVQSCORECODE.sas"
21154      group=Clus
21155      ;
MPRINT(EM_DIAGRAM):   code file="D:\\127097210_Pahuja\Workspaces\EMWS1\Clus\DMVQSCORECODE.sas" group=Clus ;
NOTE: External file D:\\127097210_Pahuja\Workspaces\EMWS1\Clus\DMVQSCORECODE.sas opened.
NOTE: The CODE statement has finished with return code=0 and status=statistics.
21156      run;
MPRINT(EM_DIAGRAM):   run;

21157      quit;
MPRINT(EM_DIAGRAM):   quit;

NOTE: There were 227 observations read from the data set WORK.CLUS_DMDB.
NOTE: PROCEDURE DMVQ used (Total process time):
      real time           0.06 seconds
      cpu time            0.01 seconds
      

21158      proc transpose data=EMWS1.Clus_OUTVAR out=WORK.Clus_OUTVAR(where=(COL1 ^in('IMPUTED','OMITTED')));
MPRINT(EM_DIAGRAM):    proc transpose data=EMWS1.Clus_OUTVAR out=WORK.Clus_OUTVAR(where=(COL1 ^in('IMPUTED','OMITTED')));
21159      var AvgTumorSize--irradiatyes;
MPRINT(EM_DIAGRAM):   var AvgTumorSize--irradiatyes;
21160      where _TYPE_ in('TYPE' 'VARIABLE');
MPRINT(EM_DIAGRAM):   where _TYPE_ in('TYPE' 'VARIABLE');
21161      run;
MPRINT(EM_DIAGRAM):   run;

NOTE: There were 2 observations read from the data set EMWS1.CLUS_OUTVAR.
      WHERE _TYPE_ in ('TYPE', 'VARIABLE');
NOTE: The data set WORK.CLUS_OUTVAR has 7 observations and 4 variables.
NOTE: PROCEDURE TRANSPOSE used (Total process time):
      real time           0.01 seconds
      cpu time            0.00 seconds
      

21162      *------------------------------------------------------------* ;
MPRINT(EM_DIAGRAM):    *------------------------------------------------------------* ;
21163      * Clus: DMVQ Variables;
MPRINT(EM_DIAGRAM):   * Clus: DMVQ Variables;
21164      *------------------------------------------------------------* ;
MPRINT(EM_DIAGRAM):   *------------------------------------------------------------* ;
21165      %macro dmvqvars;
21166          AvgTumorSize Avginv_node_group deg_malig IMP_node_capsno IMP_node_capsyes
21167         irradiatno irradiatyes
21168      %mend ;
21169      
21170      

21171      *------------------------------------------------------------*;
MPRINT(EM_DIAGRAM):    *------------------------------------------------------------*;
21172      * Clus: Determining the number of clusters;
MPRINT(EM_DIAGRAM):   * Clus: Determining the number of clusters;
21173      *------------------------------------------------------------*;
MPRINT(EM_DIAGRAM):   *------------------------------------------------------------*;
21174      proc cluster data=EMWS1.Clus_OUTMEAN method=WARD pseudo outtree=EMWS1.Clus_CLUSSEED
21175      ;
MPRINT(EM_DIAGRAM):   proc cluster data=EMWS1.Clus_OUTMEAN method=WARD pseudo outtree=EMWS1.Clus_CLUSSEED ;
MPRINT(EM_DIAGRAM):   var
21176      var %dmvqvars;
MPRINT(DMVQVARS):   AvgTumorSize Avginv_node_group deg_malig IMP_node_capsno IMP_node_capsyes irradiatno irradiatyes
MPRINT(EM_DIAGRAM):  ;
21177      copy _SEGMENT_;
MPRINT(EM_DIAGRAM):   copy _SEGMENT_;
21178      run;
MPRINT(EM_DIAGRAM):   run;

WARNING: Ties for minimum distance between clusters have been detected at 1 level(s) in the cluster history.
NOTE: The data set EMWS1.CLUS_CLUSSEED has 99 observations and 24 variables.
NOTE: The PROCEDURE CLUSTER printed page 2.
NOTE: PROCEDURE CLUSTER used (Total process time):
      real time           0.06 seconds
      cpu time            0.04 seconds
      

MPRINT(EM_DIAGRAM):   quit;
21179      quit;
21180      proc sort data =EMWS1.Clus_CLUSSEED out=WORK._SEED_;
MPRINT(EM_DIAGRAM):   proc sort data =EMWS1.Clus_CLUSSEED out=WORK._SEED_;
21181      by _ncl_;
MPRINT(EM_DIAGRAM):   by _ncl_;
21182      where (_ccc_ > -99999.0);
MPRINT(EM_DIAGRAM):   where (_ccc_ > -99999.0);
21183      run;
MPRINT(EM_DIAGRAM):   run;

NOTE: There were 45 observations read from the data set EMWS1.CLUS_CLUSSEED.
      WHERE _ccc_>-99999;
NOTE: The data set WORK._SEED_ has 45 observations and 24 variables.
NOTE: PROCEDURE SORT used (Total process time):
      real time           0.01 seconds
      cpu time            0.01 seconds
      

21184      data WORK._SEED2_;
MPRINT(EM_DIAGRAM):   data WORK._SEED2_;
21185      retain oJump occc oncl;
MPRINT(EM_DIAGRAM):   retain oJump occc oncl;
21186      set WORK._SEED_;
MPRINT(EM_DIAGRAM):   set WORK._SEED_;
21187      _lccc_=lag(_ccc_);
MPRINT(EM_DIAGRAM):   _lccc_=lag(_ccc_);
21188      if _lccc_ > . then jump = _ccc_ - _lccc_;
MPRINT(EM_DIAGRAM):   if _lccc_ > . then jump = _ccc_ - _lccc_;
21189      if jump<0 and ojump>0 then do;
MPRINT(EM_DIAGRAM):   if jump<0 and ojump>0 then do;
21190      * Have a local Max;
MPRINT(EM_DIAGRAM):   * Have a local Max;
21191      numclus = oncl;
MPRINT(EM_DIAGRAM):   numclus = oncl;
21192      cccvalue = occc;
MPRINT(EM_DIAGRAM):   cccvalue = occc;
21193      output;
MPRINT(EM_DIAGRAM):   output;
21194      end;
MPRINT(EM_DIAGRAM):   end;
21195      ojump = jump;
MPRINT(EM_DIAGRAM):   ojump = jump;
21196      occc = _ccc_;
MPRINT(EM_DIAGRAM):   occc = _ccc_;
21197      oncl = _ncl_;
MPRINT(EM_DIAGRAM):   oncl = _ncl_;
21198      run;
MPRINT(EM_DIAGRAM):   run;

NOTE: There were 45 observations read from the data set WORK._SEED_.
NOTE: The data set WORK._SEED2_ has 1 observations and 31 variables.
NOTE: DATA statement used (Total process time):
      real time           0.06 seconds
      cpu time            0.03 seconds
      

21199      proc print data=WORK._SEED2_ label;
MPRINT(EM_DIAGRAM):   proc print data=WORK._SEED2_ label;
21200      var numclus cccvalue;
MPRINT(EM_DIAGRAM):   var numclus cccvalue;
21201      label numclus="%sysfunc(sasmsg(sashelp.dmine, rpt_numclus_vlabel ,  NOQUOTE))";
MPRINT(EM_DIAGRAM):   label numclus= "Number of Clusters";
21202      label cccvalue="%sysfunc(sasmsg(sashelp.dmine, rpt_ccc_vlabel ,     NOQUOTE))";
MPRINT(EM_DIAGRAM):   label cccvalue= "Clustering Cubic Criterion";
21203      title10 "%sysfunc(sasmsg(sashelp.dmine, rpt_OptClus_title, NOQUOTE))";
MPRINT(EM_DIAGRAM):   title10 "Candidates for Optimum Number of Clusters";
MPRINT(EM_DIAGRAM):   run;
21204      run;

NOTE: There were 1 observations read from the data set WORK._SEED2_.
NOTE: The PROCEDURE PRINT printed page 3.
NOTE: PROCEDURE PRINT used (Total process time):
      real time           0.04 seconds
      cpu time            0.03 seconds
      

21205      title10;
MPRINT(EM_DIAGRAM):   title10;
21206      data WORK._SEED2_;
MPRINT(EM_DIAGRAM):    data WORK._SEED2_;
21207      length msg $200;
MPRINT(EM_DIAGRAM):   length msg $200;
21208      set WORK._SEED2_ end=eof;
MPRINT(EM_DIAGRAM):   set WORK._SEED2_ end=eof;
21209      retain select cccSelect 0 numSel;
MPRINT(EM_DIAGRAM):   retain select cccSelect 0 numSel;
21210      if _N_=1 then numSel = numClus;
MPRINT(EM_DIAGRAM):   if _N_=1 then numSel = numClus;
21211      if cccvalue>=3 then do;
MPRINT(EM_DIAGRAM):   if cccvalue>=3 then do;
21212      if 20>= numclus >= 2 and cccSelect<1 then do;
MPRINT(EM_DIAGRAM):   if 20>= numclus >= 2 and cccSelect<1 then do;
21213      cccSelect = 1;
MPRINT(EM_DIAGRAM):   cccSelect = 1;
21214      select =1;
MPRINT(EM_DIAGRAM):   select =1;
21215      numSel = numClus;
MPRINT(EM_DIAGRAM):   numSel = numClus;
21216      end;
MPRINT(EM_DIAGRAM):   end;
21217      end;
MPRINT(EM_DIAGRAM):   end;
21218      else if 20>= numclus >= 2 and select<1 then do;
MPRINT(EM_DIAGRAM):   else if 20>= numclus >= 2 and select<1 then do;
21219      select = 1;
MPRINT(EM_DIAGRAM):   select = 1;
21220      numSel = numClus;
MPRINT(EM_DIAGRAM):   numSel = numClus;
21221      end;
MPRINT(EM_DIAGRAM):   end;
21222      if eof then do;
MPRINT(EM_DIAGRAM):   if eof then do;
21223      if ^(select=1 and cccselect=1) then do;
MPRINT(EM_DIAGRAM):   if ^(select=1 and cccselect=1) then do;
21224      put "*------------------------------------------------------------*";
MPRINT(EM_DIAGRAM):   put "*------------------------------------------------------------*";
21225      put '*;';
MPRINT(EM_DIAGRAM):   put '*;';
21226      put "WARNING: The number of clusters selected based on the CCC values may not be valid.  Please refer to the documentation on the Cubic Clustering Criterion.";
MPRINT(EM_DIAGRAM):   put "WARNING: The number of clusters selected based on the CCC values may not be valid.  Please refer to the documentation on the Cubic Clustering Criterion.";
21227      put '*;';
MPRINT(EM_DIAGRAM):   put '*;';
21228      put "*------------------------------------------------------------*";
MPRINT(EM_DIAGRAM):   put "*------------------------------------------------------------*";
21229      end;
MPRINT(EM_DIAGRAM):   end;
21230      if select<1 then do;
MPRINT(EM_DIAGRAM):   if select<1 then do;
21231      msg = sasmsg('sashelp.dmine', 'rpt_noCCCclusternum_note', 'NOQUOTE');
MPRINT(EM_DIAGRAM):   msg = sasmsg('sashelp.dmine', 'rpt_noCCCclusternum_note', 'NOQUOTE');
21232      put msg;
MPRINT(EM_DIAGRAM):   put msg;
21233      end;
MPRINT(EM_DIAGRAM):   end;
21234      if cccselect<1 then do;
MPRINT(EM_DIAGRAM):   if cccselect<1 then do;
21235      msg = sasmsg('sashelp.dmine', 'rpt_noValidclusterNum_note', 'NOQUOTE');
MPRINT(EM_DIAGRAM):   msg = sasmsg('sashelp.dmine', 'rpt_noValidclusterNum_note', 'NOQUOTE');
21236      put msg;
MPRINT(EM_DIAGRAM):   put msg;
21237      end;
MPRINT(EM_DIAGRAM):   end;
21238      call symput('em_maxC', strip(put(numSel,best.)));
MPRINT(EM_DIAGRAM):   call symput('em_maxC', strip(put(numSel,best.)));
21239      end;
MPRINT(EM_DIAGRAM):   end;
21240      run;
MPRINT(EM_DIAGRAM):   run;

NOTE: There were 1 observations read from the data set WORK._SEED2_.
NOTE: The data set WORK._SEED2_ has 1 observations and 35 variables.
NOTE: DATA statement used (Total process time):
      real time           0.04 seconds
      cpu time            0.04 seconds
      

21241      *------------------------------------------------------------*;
MPRINT(EM_DIAGRAM):    *------------------------------------------------------------*;
21242      * Clus: Training;
MPRINT(EM_DIAGRAM):   * Clus: Training;
21243      *------------------------------------------------------------*;
MPRINT(EM_DIAGRAM):   *------------------------------------------------------------*;
21244      *------------------------------------------------------------*;
MPRINT(EM_DIAGRAM):   *------------------------------------------------------------*;
21245      * Clus: Run DMVQ procedure;
MPRINT(EM_DIAGRAM):   * Clus: Run DMVQ procedure;
21246      *------------------------------------------------------------*;
MPRINT(EM_DIAGRAM):   *------------------------------------------------------------*;
21247      title;
MPRINT(EM_DIAGRAM):   title;
21248      options nodate;
MPRINT(EM_DIAGRAM):   options nodate;
21249      proc dmvq data=WORK.Clus_DMDB dmdbcat=WORK.Clus_DMDB std=STD nominal=GLM ordinal=RANK
21250      ;
MPRINT(EM_DIAGRAM):   proc dmvq data=WORK.Clus_DMDB dmdbcat=WORK.Clus_DMDB std=STD nominal=GLM ordinal=RANK ;
NOTE: The training set WORK.CLUS_DMDB.DATA has 5 variable(s).
NOTE: The DMVQ statement has finished with return code=0 and status=begin.
MPRINT(EM_DIAGRAM):   input
21251      input %DMVQINTERVAL / level=interval;
MPRINT(DMVQINTERVAL):   AvgTumorSize Avginv_node_group deg_malig
MPRINT(EM_DIAGRAM):   / level=interval;
NOTE: 3 input variable(s) defined for ID=I1.
NOTE: The INPUT statement has finished with return code=0 and status=variables.
MPRINT(EM_DIAGRAM):   input
21252      input %DMVQNOMINAL / level=nominal;
MPRINT(DMVQNOMINAL):   IMP_node_caps irradiat
MPRINT(EM_DIAGRAM):   / level=nominal;
NOTE: 2 input variable(s) defined for ID=I2.
NOTE: The INPUT statement has finished with return code=0 and status=variables.
21253      VQ maxc = 7 clusname=_SEGMENT_ CLUSLABEL="Segment Id" DISTLABEL="Distance";
MPRINT(EM_DIAGRAM):   VQ maxc = 7 clusname=_SEGMENT_ CLUSLABEL="Segment Id" DISTLABEL="Distance";
NOTE: A maximum of 7 clusters have been requested.
NOTE: The VQ statement has finished with return code=0 and status=architecture.
21254      MAKE outvar=EMWS1.Clus_OUTVAR;
MPRINT(EM_DIAGRAM):   MAKE outvar=EMWS1.Clus_OUTVAR;

NOTE: 5 input variable(s).
NOTE: Number of cases=227
NOTE: Sum of frequencies=227
NOTE: Sum of weights=227
NOTE: VARDEF=DF      
NOTE: Maximum number of categories=2
NOTE: The total number of variables is 5 with dimensionality 7.
NOTE: 5 variables will be used for clustering.
NOTE: Open output data set EMWS1.CLUS_OUTVAR.DATA with 8 variables.
NOTE: The data set EMWS1.CLUS_OUTVAR has 4 observations and 8 variables.
NOTE: The MAKE statement has finished with return code=0 and status=made.
21255      INITIAL radius=0
21256      ;
MPRINT(EM_DIAGRAM):   INITIAL radius=0 ;
NOTE: 7 seeds were selected from data set WORK.CLUS_DMDB.DATA using the SEPARATE algorithm.
NOTE: The INITIAL statement has finished with return code=0 and status=initialized.
21257      TRAIN tech=FORGY
21258      ;
MPRINT(EM_DIAGRAM):   TRAIN tech=FORGY ;
NOTE: X-Convergence criterion is satisfied.
NOTE: The TRAIN statement has finished with return code=0 and status=trained.
21259      SAVE outstat=EMWS1.Clus_OUTSTAT outmean=EMWS1.Clus_OUTMEAN;
MPRINT(EM_DIAGRAM):   SAVE outstat=EMWS1.Clus_OUTSTAT outmean=EMWS1.Clus_OUTMEAN;
NOTE: The data set EMWS1.CLUS_OUTSTAT has 58 observations and 10 variables.
NOTE: The data set EMWS1.CLUS_OUTMEAN has 7 observations and 16 variables.
NOTE: The SAVE statement has finished with return code=0 and status=statistics.
21260      code file="D:\\127097210_Pahuja\Workspaces\EMWS1\Clus\DMVQSCORECODE.sas"
21261      group=Clus
21262      ;
MPRINT(EM_DIAGRAM):   code file="D:\\127097210_Pahuja\Workspaces\EMWS1\Clus\DMVQSCORECODE.sas" group=Clus ;
NOTE: External file D:\\127097210_Pahuja\Workspaces\EMWS1\Clus\DMVQSCORECODE.sas opened.
NOTE: The CODE statement has finished with return code=0 and status=statistics.
21263      run;
MPRINT(EM_DIAGRAM):   run;

21264      quit;
MPRINT(EM_DIAGRAM):   quit;

NOTE: There were 227 observations read from the data set WORK.CLUS_DMDB.
NOTE: PROCEDURE DMVQ used (Total process time):
      real time           0.02 seconds
      cpu time            0.01 seconds
      

21265      libname _spdslib;
MPRINT(EM_DIAGRAM):    libname _spdslib;
WARNING: Libref _SPDSLIB is not assigned.
21266      *------------------------------------------------------------*;
MPRINT(EM_DIAGRAM):    *------------------------------------------------------------*;
21267      * Clus: Cluster Label;
MPRINT(EM_DIAGRAM):   * Clus: Cluster Label;
21268      *------------------------------------------------------------*;
MPRINT(EM_DIAGRAM):   *------------------------------------------------------------*;
21269      data EMWS1.Clus_LABEL;
MPRINT(EM_DIAGRAM):   data EMWS1.Clus_LABEL;
21270      length _SEGMENT_ 8 Label $80;
MPRINT(EM_DIAGRAM):   length _SEGMENT_ 8 Label $80;
21271      format _SEGMENT_ 4.;
MPRINT(EM_DIAGRAM):   format _SEGMENT_ 4.;
21272      label _SEGMENT_ = "%sysfunc(sasmsg(sashelp.dmine, rpt_segmentName_vlabel,  NOQUOTE))";
MPRINT(EM_DIAGRAM):   label _SEGMENT_ = "Segment Name";
21273      label Label = "%sysfunc(sasmsg(sashelp.dmine, rpt_segmentLabel_vlabel,  NOQUOTE))";
MPRINT(EM_DIAGRAM):   label Label = "Segment Label";
21274      _SEGMENT_= 1;
MPRINT(EM_DIAGRAM):   _SEGMENT_= 1;
21275      Label='Cluster1';
MPRINT(EM_DIAGRAM):   Label='Cluster1';
21276      output;
MPRINT(EM_DIAGRAM):   output;
21277      _SEGMENT_= 2;
MPRINT(EM_DIAGRAM):   _SEGMENT_= 2;
21278      Label='Cluster2';
MPRINT(EM_DIAGRAM):   Label='Cluster2';
21279      output;
MPRINT(EM_DIAGRAM):   output;
21280      _SEGMENT_= 3;
MPRINT(EM_DIAGRAM):   _SEGMENT_= 3;
21281      Label='Cluster3';
MPRINT(EM_DIAGRAM):   Label='Cluster3';
21282      output;
MPRINT(EM_DIAGRAM):   output;
21283      _SEGMENT_= 4;
MPRINT(EM_DIAGRAM):   _SEGMENT_= 4;
21284      Label='Cluster4';
MPRINT(EM_DIAGRAM):   Label='Cluster4';
21285      output;
MPRINT(EM_DIAGRAM):   output;
21286      _SEGMENT_= 5;
MPRINT(EM_DIAGRAM):   _SEGMENT_= 5;
21287      Label='Cluster5';
MPRINT(EM_DIAGRAM):   Label='Cluster5';
21288      output;
MPRINT(EM_DIAGRAM):   output;
21289      _SEGMENT_= 6;
MPRINT(EM_DIAGRAM):   _SEGMENT_= 6;
21290      Label='Cluster6';
MPRINT(EM_DIAGRAM):   Label='Cluster6';
21291      output;
MPRINT(EM_DIAGRAM):   output;
21292      _SEGMENT_= 7;
MPRINT(EM_DIAGRAM):   _SEGMENT_= 7;
21293      Label='Cluster7';
MPRINT(EM_DIAGRAM):   Label='Cluster7';
21294      output;
MPRINT(EM_DIAGRAM):   output;
21295      run;
MPRINT(EM_DIAGRAM):   run;

NOTE: The data set EMWS1.CLUS_LABEL has 7 observations and 2 variables.
NOTE: DATA statement used (Total process time):
      real time           0.04 seconds
      cpu time            0.04 seconds
      

MPRINT(EM_DIAGRAM):    proc printto;
MPRINT(EM_DIAGRAM):   run;
