MPRINT(EM_DIAGRAM):    data _null_;
MPRINT(EM_DIAGRAM):   call symput('NLDATE', strip(put(date(), NLDATE.)));
MPRINT(EM_DIAGRAM):   call symput('NLTIME', strip(put(datetime(), NLTIME.)));
MPRINT(EM_DIAGRAM):   run;
MPRINT(EM_DIAGRAM):   data _null_;
MPRINT(EM_DIAGRAM):   nldate= sasmsg("sashelp.dmine", "log_date_note", 'N', "April 16, 2022" );
MPRINT(EM_DIAGRAM):   nltime= sasmsg("sashelp.dmine", "log_time_note", 'N', "02:20:50 o'clock" );
MPRINT(EM_DIAGRAM):   put "*------------------------------------------------------------*";
MPRINT(EM_DIAGRAM):   put "* Report Log";
MPRINT(EM_DIAGRAM):   put nldate;
MPRINT(EM_DIAGRAM):   put nltime;
MPRINT(EM_DIAGRAM):   put "*------------------------------------------------------------*";
MPRINT(EM_DIAGRAM):   run;
*------------------------------------------------------------*
* Report Log
Date:                April 16, 2022
Time:                02:20:50 o'clock
*------------------------------------------------------------*
MPRINT(EM_DIAGRAM):    filename O02GECM1 "D:\\127097210_Pahuja\Workspaces\EMWS1\Part\EMREPORT.out" encoding="UTF-8" NOBOM;
MPRINT(EM_DIAGRAM):   proc printto print=O02GECM1 new;
MPRINT(EM_DIAGRAM):   run;
MPRINT(EM_DIAGRAM):    data WORK.M0IM98XS;
MPRINT(EM_DIAGRAM):   set WORK.M0IM98XS;
MPRINT(EM_DIAGRAM):   where(ROLE = "TARGET" or ROLE = "FREQ");
MPRINT(EM_DIAGRAM):   run;
21594      *------------------------------------------------------------*;
MPRINT(EM_DIAGRAM):    *------------------------------------------------------------*;
21595      * Part: Computing statistics for class target variables;
MPRINT(EM_DIAGRAM):   * Part: Computing statistics for class target variables;
21596      *------------------------------------------------------------*;
MPRINT(EM_DIAGRAM):   *------------------------------------------------------------*;
21597      ods listing close;
MPRINT(EM_DIAGRAM):   ods listing close;
21598      ods output onewayfreqs=WORK.TEMPFREQ;
MPRINT(EM_DIAGRAM):   ods output onewayfreqs=WORK.TEMPFREQ;
21599      proc freq data = EMWS1.Ids_DATA order=formatted addnames;
NOTE: Data file BAN210.EBREASTCANCER.DATA is in a format that is native to another host, or the file encoding does not match the session encoding. Cross Environment Data Access will be used, which might require additional CPU resources and might reduce 
      performance.
MPRINT(EM_DIAGRAM):   proc freq data = EMWS1.Ids_DATA order=formatted addnames;
21600      table class / missing;
MPRINT(EM_DIAGRAM):   table class / missing;
21601      run;
MPRINT(EM_DIAGRAM):   run;

NOTE: View EMWS1.IDS_DATA.VIEW used (Total process time):
      real time           0.09 seconds
      cpu time            0.06 seconds
      
NOTE: There were 286 observations read from the data set BAN210.EBREASTCANCER.
NOTE: The data set WORK.TEMPFREQ has 2 observations and 8 variables.
NOTE: There were 286 observations read from the data set EMWS1.IDS_DATA.
NOTE: PROCEDURE FREQ used (Total process time):
      real time           0.10 seconds
      cpu time            0.07 seconds
      

MPRINT(EM_DIAGRAM):   quit;
21602      quit;
21603      ods listing;
MPRINT(EM_DIAGRAM):   ods listing;
21604      data WORK.Part_BAR(keep=_VARIABLE_ TYPE COUNT PERCENT _X_ _XLABEL_);
MPRINT(EM_DIAGRAM):    data WORK.Part_BAR(keep=_VARIABLE_ TYPE COUNT PERCENT _X_ _XLABEL_);
21605      label _VARIABLE_ = "%sysfunc(sasmsg(sashelp.dmine, rpt_variable_vlabel, NOQUOTE))" Type = "%sysfunc(sasmsg(sashelp.dmine, rpt_type_vlabel,         NOQUOTE))" _X_ = "%sysfunc(sasmsg(sashelp.dmine, rpt_numValue_vlabel, NOQUOTE))" _XLABEL_ =
21606         "%sysfunc(sasmsg(sashelp.dmine, rpt_fmtValue_vlabel ,    NOQUOTE))" COUNT = "%sysfunc(sasmsg(sashelp.dmine, rpt_count_vlabel,        NOQUOTE))" PERCENT = "%sysfunc(sasmsg(sashelp.dmine, rpt_percent_vlabel,      NOQUOTE))";
MPRINT(EM_DIAGRAM):   label _VARIABLE_ = "Variable" Type = "Type" _X_ = "Numeric Value" _XLABEL_ = "Formatted Value" COUNT = "Frequency Count" PERCENT = "Percent";
21607      dsid = open("WORK.TEMPFREQ");
MPRINT(EM_DIAGRAM):   dsid = open("WORK.TEMPFREQ");
21608      varnum = varnum(dsid, 'VARIABLE');
MPRINT(EM_DIAGRAM):   varnum = varnum(dsid, 'VARIABLE');
21609      freqnum = varnum(dsid, 'FREQUENCY');
MPRINT(EM_DIAGRAM):   freqnum = varnum(dsid, 'FREQUENCY');
21610      pvarnum = varnum(dsid, 'PERCENT');
MPRINT(EM_DIAGRAM):   pvarnum = varnum(dsid, 'PERCENT');
21611      typenum = varnum(dsid, '_TYPE_');
MPRINT(EM_DIAGRAM):   typenum = varnum(dsid, '_TYPE_');
21612      length _VARIABLE_ $32 TYPE $1 _XLABEL_ $32;
MPRINT(EM_DIAGRAM):   length _VARIABLE_ $32 TYPE $1 _XLABEL_ $32;
21613      do while(^fetch(dsid));
MPRINT(EM_DIAGRAM):   do while(^fetch(dsid));
21614      _VARIABLE_ = strip(getvarc(dsid, varnum));
MPRINT(EM_DIAGRAM):   _VARIABLE_ = strip(getvarc(dsid, varnum));
21615      count = getvarn(dsid, freqnum);
MPRINT(EM_DIAGRAM):   count = getvarn(dsid, freqnum);
21616      percent= getvarn(dsid, pvarnum);
MPRINT(EM_DIAGRAM):   percent= getvarn(dsid, pvarnum);
21617      vvarnum = varnum(dsid, _VARIABLE_);
MPRINT(EM_DIAGRAM):   vvarnum = varnum(dsid, _VARIABLE_);
21618      type = vartype(dsid, vvarnum);
MPRINT(EM_DIAGRAM):   type = vartype(dsid, vvarnum);
21619      fvarnum = varnum(dsid, 'F_'!!substr(_VARIABLE_, 1, 30));
MPRINT(EM_DIAGRAM):   fvarnum = varnum(dsid, 'F_'!!substr(_VARIABLE_, 1, 30));
21620      _XLABEL_ = left(getvarc(dsid, fvarnum));
MPRINT(EM_DIAGRAM):   _XLABEL_ = left(getvarc(dsid, fvarnum));
21621      _X_ = .;
MPRINT(EM_DIAGRAM):   _X_ = .;
21622      if TYPE eq 'N' then _X_ = getvarn(dsid, vvarnum);
MPRINT(EM_DIAGRAM):   if TYPE eq 'N' then _X_ = getvarn(dsid, vvarnum);
21623      output;
MPRINT(EM_DIAGRAM):   output;
21624      end;
MPRINT(EM_DIAGRAM):   end;
21625      dsid = close(dsid);
MPRINT(EM_DIAGRAM):   dsid = close(dsid);
21626      run;
MPRINT(EM_DIAGRAM):   run;

NOTE: The data set WORK.PART_BAR has 2 observations and 6 variables.
NOTE: DATA statement used (Total process time):
      real time           0.04 seconds
      cpu time            0.03 seconds
      

21627      proc sort data=WORK.Part_BAR NOTHREADS;
MPRINT(EM_DIAGRAM):   proc sort data=WORK.Part_BAR NOTHREADS;
21628      by _VARIABLE_;
MPRINT(EM_DIAGRAM):   by _VARIABLE_;
21629      run;
MPRINT(EM_DIAGRAM):   run;

NOTE: There were 2 observations read from the data set WORK.PART_BAR.
NOTE: The data set WORK.PART_BAR has 2 observations and 6 variables.
NOTE: PROCEDURE SORT used (Total process time):
      real time           0.00 seconds
      cpu time            0.01 seconds
      

21630      proc sort data=WORK.M0IM98XS;
MPRINT(EM_DIAGRAM):   proc sort data=WORK.M0IM98XS;
21631      by Name;
MPRINT(EM_DIAGRAM):   by Name;
21632      run;
MPRINT(EM_DIAGRAM):   run;

NOTE: There were 1 observations read from the data set WORK.M0IM98XS.
NOTE: The data set WORK.M0IM98XS has 1 observations and 21 variables.
NOTE: PROCEDURE SORT used (Total process time):
      real time           0.00 seconds
      cpu time            0.00 seconds
      

21633      data WORK.Part_BAR;
MPRINT(EM_DIAGRAM):   data WORK.Part_BAR;
21634      merge WORK.Part_BAR(in=_a) WORK.M0IM98XS(keep=Name Label Role rename=(Name=_Variable_ Label=_Label_));
MPRINT(EM_DIAGRAM):   merge WORK.Part_BAR(in=_a) WORK.M0IM98XS(keep=Name Label Role rename=(Name=_Variable_ Label=_Label_));
21635      by _Variable_;
MPRINT(EM_DIAGRAM):   by _Variable_;
21636      label Role = "%sysfunc(sasmsg(sashelp.dmine, meta_role_vlabel ,  NOQUOTE))";
MPRINT(EM_DIAGRAM):   label Role = "Role";
21637      label Label = "%sysfunc(sasmsg(sashelp.dmine, meta_label_vlabel , NOQUOTE))";
MPRINT(EM_DIAGRAM):   label Label = "Label";
21638      if _a then output;
MPRINT(EM_DIAGRAM):   if _a then output;
21639      run;
MPRINT(EM_DIAGRAM):   run;

NOTE: Variable Label is uninitialized.
WARNING: Multiple lengths were specified for the BY variable _VARIABLE_ by input data sets. This might cause unexpected results.
NOTE: There were 2 observations read from the data set WORK.PART_BAR.
NOTE: There were 1 observations read from the data set WORK.M0IM98XS.
NOTE: The data set WORK.PART_BAR has 2 observations and 8 variables.
NOTE: DATA statement used (Total process time):
      real time           0.03 seconds
      cpu time            0.01 seconds
      

21640      data EMWS1.Part_CLASS;
MPRINT(EM_DIAGRAM):    data EMWS1.Part_CLASS;
21641      length DATA $8;
MPRINT(EM_DIAGRAM):   length DATA $8;
21642      set WORK.Part_BAR;
MPRINT(EM_DIAGRAM):   set WORK.Part_BAR;
21643      DATA = "DATA";
MPRINT(EM_DIAGRAM):   DATA = "DATA";
21644      run;
MPRINT(EM_DIAGRAM):   run;

NOTE: There were 2 observations read from the data set WORK.PART_BAR.
NOTE: The data set EMWS1.PART_CLASS has 2 observations and 9 variables.
NOTE: DATA statement used (Total process time):
      real time           0.01 seconds
      cpu time            0.01 seconds
      

21645      *------------------------------------------------------------*;
MPRINT(EM_DIAGRAM):    *------------------------------------------------------------*;
21646      * Part: Computing statistics for interval target variables;
MPRINT(EM_DIAGRAM):   * Part: Computing statistics for interval target variables;
21647      *------------------------------------------------------------*;
MPRINT(EM_DIAGRAM):   *------------------------------------------------------------*;
21648      *------------------------------------------------------------*;
MPRINT(EM_DIAGRAM):   *------------------------------------------------------------*;
21649      * Part: Computing statistics for class target variables;
MPRINT(EM_DIAGRAM):   * Part: Computing statistics for class target variables;
21650      *------------------------------------------------------------*;
MPRINT(EM_DIAGRAM):   *------------------------------------------------------------*;
21651      ods listing close;
MPRINT(EM_DIAGRAM):   ods listing close;
21652      ods output onewayfreqs=WORK.TEMPFREQ;
MPRINT(EM_DIAGRAM):   ods output onewayfreqs=WORK.TEMPFREQ;
21653      proc freq data = EMWS1.Part_TRAIN order=formatted addnames;
MPRINT(EM_DIAGRAM):   proc freq data = EMWS1.Part_TRAIN order=formatted addnames;
21654      table class / missing;
MPRINT(EM_DIAGRAM):   table class / missing;
21655      run;
MPRINT(EM_DIAGRAM):   run;

NOTE: The data set WORK.TEMPFREQ has 2 observations and 8 variables.
NOTE: There were 227 observations read from the data set EMWS1.PART_TRAIN.
NOTE: PROCEDURE FREQ used (Total process time):
      real time           0.02 seconds
      cpu time            0.01 seconds
      

MPRINT(EM_DIAGRAM):   quit;
21656      quit;
21657      ods listing;
MPRINT(EM_DIAGRAM):   ods listing;
21658      data WORK.Part_BAR(keep=_VARIABLE_ TYPE COUNT PERCENT _X_ _XLABEL_);
MPRINT(EM_DIAGRAM):    data WORK.Part_BAR(keep=_VARIABLE_ TYPE COUNT PERCENT _X_ _XLABEL_);
21659      label _VARIABLE_ = "%sysfunc(sasmsg(sashelp.dmine, rpt_variable_vlabel, NOQUOTE))" Type = "%sysfunc(sasmsg(sashelp.dmine, rpt_type_vlabel,         NOQUOTE))" _X_ = "%sysfunc(sasmsg(sashelp.dmine, rpt_numValue_vlabel, NOQUOTE))" _XLABEL_ =
21660         "%sysfunc(sasmsg(sashelp.dmine, rpt_fmtValue_vlabel ,    NOQUOTE))" COUNT = "%sysfunc(sasmsg(sashelp.dmine, rpt_count_vlabel,        NOQUOTE))" PERCENT = "%sysfunc(sasmsg(sashelp.dmine, rpt_percent_vlabel,      NOQUOTE))";
MPRINT(EM_DIAGRAM):   label _VARIABLE_ = "Variable" Type = "Type" _X_ = "Numeric Value" _XLABEL_ = "Formatted Value" COUNT = "Frequency Count" PERCENT = "Percent";
21661      dsid = open("WORK.TEMPFREQ");
MPRINT(EM_DIAGRAM):   dsid = open("WORK.TEMPFREQ");
21662      varnum = varnum(dsid, 'VARIABLE');
MPRINT(EM_DIAGRAM):   varnum = varnum(dsid, 'VARIABLE');
21663      freqnum = varnum(dsid, 'FREQUENCY');
MPRINT(EM_DIAGRAM):   freqnum = varnum(dsid, 'FREQUENCY');
21664      pvarnum = varnum(dsid, 'PERCENT');
MPRINT(EM_DIAGRAM):   pvarnum = varnum(dsid, 'PERCENT');
21665      typenum = varnum(dsid, '_TYPE_');
MPRINT(EM_DIAGRAM):   typenum = varnum(dsid, '_TYPE_');
21666      length _VARIABLE_ $32 TYPE $1 _XLABEL_ $32;
MPRINT(EM_DIAGRAM):   length _VARIABLE_ $32 TYPE $1 _XLABEL_ $32;
21667      do while(^fetch(dsid));
MPRINT(EM_DIAGRAM):   do while(^fetch(dsid));
21668      _VARIABLE_ = strip(getvarc(dsid, varnum));
MPRINT(EM_DIAGRAM):   _VARIABLE_ = strip(getvarc(dsid, varnum));
21669      count = getvarn(dsid, freqnum);
MPRINT(EM_DIAGRAM):   count = getvarn(dsid, freqnum);
21670      percent= getvarn(dsid, pvarnum);
MPRINT(EM_DIAGRAM):   percent= getvarn(dsid, pvarnum);
21671      vvarnum = varnum(dsid, _VARIABLE_);
MPRINT(EM_DIAGRAM):   vvarnum = varnum(dsid, _VARIABLE_);
21672      type = vartype(dsid, vvarnum);
MPRINT(EM_DIAGRAM):   type = vartype(dsid, vvarnum);
21673      fvarnum = varnum(dsid, 'F_'!!substr(_VARIABLE_, 1, 30));
MPRINT(EM_DIAGRAM):   fvarnum = varnum(dsid, 'F_'!!substr(_VARIABLE_, 1, 30));
21674      _XLABEL_ = left(getvarc(dsid, fvarnum));
MPRINT(EM_DIAGRAM):   _XLABEL_ = left(getvarc(dsid, fvarnum));
21675      _X_ = .;
MPRINT(EM_DIAGRAM):   _X_ = .;
21676      if TYPE eq 'N' then _X_ = getvarn(dsid, vvarnum);
MPRINT(EM_DIAGRAM):   if TYPE eq 'N' then _X_ = getvarn(dsid, vvarnum);
21677      output;
MPRINT(EM_DIAGRAM):   output;
21678      end;
MPRINT(EM_DIAGRAM):   end;
21679      dsid = close(dsid);
MPRINT(EM_DIAGRAM):   dsid = close(dsid);
21680      run;
MPRINT(EM_DIAGRAM):   run;

NOTE: The data set WORK.PART_BAR has 2 observations and 6 variables.
NOTE: DATA statement used (Total process time):
      real time           0.05 seconds
      cpu time            0.01 seconds
      

21681      proc sort data=WORK.Part_BAR NOTHREADS;
MPRINT(EM_DIAGRAM):   proc sort data=WORK.Part_BAR NOTHREADS;
21682      by _VARIABLE_;
MPRINT(EM_DIAGRAM):   by _VARIABLE_;
21683      run;
MPRINT(EM_DIAGRAM):   run;

NOTE: There were 2 observations read from the data set WORK.PART_BAR.
NOTE: The data set WORK.PART_BAR has 2 observations and 6 variables.
NOTE: PROCEDURE SORT used (Total process time):
      real time           0.00 seconds
      cpu time            0.00 seconds
      

21684      proc sort data=WORK.M0IM98XS;
MPRINT(EM_DIAGRAM):   proc sort data=WORK.M0IM98XS;
21685      by Name;
MPRINT(EM_DIAGRAM):   by Name;
21686      run;
MPRINT(EM_DIAGRAM):   run;

NOTE: Input data set is already sorted, no sorting done.
NOTE: PROCEDURE SORT used (Total process time):
      real time           0.00 seconds
      cpu time            0.01 seconds
      

21687      data WORK.Part_BAR;
MPRINT(EM_DIAGRAM):   data WORK.Part_BAR;
21688      merge WORK.Part_BAR(in=_a) WORK.M0IM98XS(keep=Name Label Role rename=(Name=_Variable_ Label=_Label_));
MPRINT(EM_DIAGRAM):   merge WORK.Part_BAR(in=_a) WORK.M0IM98XS(keep=Name Label Role rename=(Name=_Variable_ Label=_Label_));
21689      by _Variable_;
MPRINT(EM_DIAGRAM):   by _Variable_;
21690      label Role = "%sysfunc(sasmsg(sashelp.dmine, meta_role_vlabel ,  NOQUOTE))";
MPRINT(EM_DIAGRAM):   label Role = "Role";
21691      label Label = "%sysfunc(sasmsg(sashelp.dmine, meta_label_vlabel , NOQUOTE))";
MPRINT(EM_DIAGRAM):   label Label = "Label";
21692      if _a then output;
MPRINT(EM_DIAGRAM):   if _a then output;
21693      run;
MPRINT(EM_DIAGRAM):   run;

NOTE: Variable Label is uninitialized.
WARNING: Multiple lengths were specified for the BY variable _VARIABLE_ by input data sets. This might cause unexpected results.
NOTE: There were 2 observations read from the data set WORK.PART_BAR.
NOTE: There were 1 observations read from the data set WORK.M0IM98XS.
NOTE: The data set WORK.PART_BAR has 2 observations and 8 variables.
NOTE: DATA statement used (Total process time):
      real time           0.03 seconds
      cpu time            0.03 seconds
      

21694      data WORK.Part_BAR;
MPRINT(EM_DIAGRAM):    data WORK.Part_BAR;
21695      length DATA $8;
MPRINT(EM_DIAGRAM):   length DATA $8;
21696      set WORK.Part_BAR;
MPRINT(EM_DIAGRAM):   set WORK.Part_BAR;
21697      DATA = "TRAIN";
MPRINT(EM_DIAGRAM):   DATA = "TRAIN";
21698      run;
MPRINT(EM_DIAGRAM):   run;

NOTE: There were 2 observations read from the data set WORK.PART_BAR.
NOTE: The data set WORK.PART_BAR has 2 observations and 9 variables.
NOTE: DATA statement used (Total process time):
      real time           0.01 seconds
      cpu time            0.01 seconds
      

21699      data EMWS1.Part_CLASS;
MPRINT(EM_DIAGRAM):   data EMWS1.Part_CLASS;
21700      set EMWS1.Part_CLASS WORK.Part_BAR;
MPRINT(EM_DIAGRAM):   set EMWS1.Part_CLASS WORK.Part_BAR;
21701      run;
MPRINT(EM_DIAGRAM):   run;

NOTE: There were 2 observations read from the data set EMWS1.PART_CLASS.
NOTE: There were 2 observations read from the data set WORK.PART_BAR.
NOTE: The data set EMWS1.PART_CLASS has 4 observations and 9 variables.
NOTE: DATA statement used (Total process time):
      real time           0.00 seconds
      cpu time            0.01 seconds
      

21702      *------------------------------------------------------------*;
MPRINT(EM_DIAGRAM):    *------------------------------------------------------------*;
21703      * Part: Computing statistics for interval target variables;
MPRINT(EM_DIAGRAM):   * Part: Computing statistics for interval target variables;
21704      *------------------------------------------------------------*;
MPRINT(EM_DIAGRAM):   *------------------------------------------------------------*;
21705      *------------------------------------------------------------*;
MPRINT(EM_DIAGRAM):   *------------------------------------------------------------*;
21706      * Part: Computing statistics for class target variables;
MPRINT(EM_DIAGRAM):   * Part: Computing statistics for class target variables;
21707      *------------------------------------------------------------*;
MPRINT(EM_DIAGRAM):   *------------------------------------------------------------*;
21708      ods listing close;
MPRINT(EM_DIAGRAM):   ods listing close;
21709      ods output onewayfreqs=WORK.TEMPFREQ;
MPRINT(EM_DIAGRAM):   ods output onewayfreqs=WORK.TEMPFREQ;
21710      proc freq data = EMWS1.Part_VALIDATE order=formatted addnames;
MPRINT(EM_DIAGRAM):   proc freq data = EMWS1.Part_VALIDATE order=formatted addnames;
21711      table class / missing;
MPRINT(EM_DIAGRAM):   table class / missing;
21712      run;
MPRINT(EM_DIAGRAM):   run;

NOTE: The data set WORK.TEMPFREQ has 2 observations and 8 variables.
NOTE: There were 59 observations read from the data set EMWS1.PART_VALIDATE.
NOTE: PROCEDURE FREQ used (Total process time):
      real time           0.03 seconds
      cpu time            0.01 seconds
      

MPRINT(EM_DIAGRAM):   quit;
21713      quit;
21714      ods listing;
MPRINT(EM_DIAGRAM):   ods listing;
21715      data WORK.Part_BAR(keep=_VARIABLE_ TYPE COUNT PERCENT _X_ _XLABEL_);
MPRINT(EM_DIAGRAM):    data WORK.Part_BAR(keep=_VARIABLE_ TYPE COUNT PERCENT _X_ _XLABEL_);
21716      label _VARIABLE_ = "%sysfunc(sasmsg(sashelp.dmine, rpt_variable_vlabel, NOQUOTE))" Type = "%sysfunc(sasmsg(sashelp.dmine, rpt_type_vlabel,         NOQUOTE))" _X_ = "%sysfunc(sasmsg(sashelp.dmine, rpt_numValue_vlabel, NOQUOTE))" _XLABEL_ =
21717         "%sysfunc(sasmsg(sashelp.dmine, rpt_fmtValue_vlabel ,    NOQUOTE))" COUNT = "%sysfunc(sasmsg(sashelp.dmine, rpt_count_vlabel,        NOQUOTE))" PERCENT = "%sysfunc(sasmsg(sashelp.dmine, rpt_percent_vlabel,      NOQUOTE))";
MPRINT(EM_DIAGRAM):   label _VARIABLE_ = "Variable" Type = "Type" _X_ = "Numeric Value" _XLABEL_ = "Formatted Value" COUNT = "Frequency Count" PERCENT = "Percent";
21718      dsid = open("WORK.TEMPFREQ");
MPRINT(EM_DIAGRAM):   dsid = open("WORK.TEMPFREQ");
21719      varnum = varnum(dsid, 'VARIABLE');
MPRINT(EM_DIAGRAM):   varnum = varnum(dsid, 'VARIABLE');
21720      freqnum = varnum(dsid, 'FREQUENCY');
MPRINT(EM_DIAGRAM):   freqnum = varnum(dsid, 'FREQUENCY');
21721      pvarnum = varnum(dsid, 'PERCENT');
MPRINT(EM_DIAGRAM):   pvarnum = varnum(dsid, 'PERCENT');
21722      typenum = varnum(dsid, '_TYPE_');
MPRINT(EM_DIAGRAM):   typenum = varnum(dsid, '_TYPE_');
21723      length _VARIABLE_ $32 TYPE $1 _XLABEL_ $32;
MPRINT(EM_DIAGRAM):   length _VARIABLE_ $32 TYPE $1 _XLABEL_ $32;
21724      do while(^fetch(dsid));
MPRINT(EM_DIAGRAM):   do while(^fetch(dsid));
21725      _VARIABLE_ = strip(getvarc(dsid, varnum));
MPRINT(EM_DIAGRAM):   _VARIABLE_ = strip(getvarc(dsid, varnum));
21726      count = getvarn(dsid, freqnum);
MPRINT(EM_DIAGRAM):   count = getvarn(dsid, freqnum);
21727      percent= getvarn(dsid, pvarnum);
MPRINT(EM_DIAGRAM):   percent= getvarn(dsid, pvarnum);
21728      vvarnum = varnum(dsid, _VARIABLE_);
MPRINT(EM_DIAGRAM):   vvarnum = varnum(dsid, _VARIABLE_);
21729      type = vartype(dsid, vvarnum);
MPRINT(EM_DIAGRAM):   type = vartype(dsid, vvarnum);
21730      fvarnum = varnum(dsid, 'F_'!!substr(_VARIABLE_, 1, 30));
MPRINT(EM_DIAGRAM):   fvarnum = varnum(dsid, 'F_'!!substr(_VARIABLE_, 1, 30));
21731      _XLABEL_ = left(getvarc(dsid, fvarnum));
MPRINT(EM_DIAGRAM):   _XLABEL_ = left(getvarc(dsid, fvarnum));
21732      _X_ = .;
MPRINT(EM_DIAGRAM):   _X_ = .;
21733      if TYPE eq 'N' then _X_ = getvarn(dsid, vvarnum);
MPRINT(EM_DIAGRAM):   if TYPE eq 'N' then _X_ = getvarn(dsid, vvarnum);
21734      output;
MPRINT(EM_DIAGRAM):   output;
21735      end;
MPRINT(EM_DIAGRAM):   end;
21736      dsid = close(dsid);
MPRINT(EM_DIAGRAM):   dsid = close(dsid);
21737      run;
MPRINT(EM_DIAGRAM):   run;

NOTE: The data set WORK.PART_BAR has 2 observations and 6 variables.
NOTE: DATA statement used (Total process time):
      real time           0.06 seconds
      cpu time            0.04 seconds
      

21738      proc sort data=WORK.Part_BAR NOTHREADS;
MPRINT(EM_DIAGRAM):   proc sort data=WORK.Part_BAR NOTHREADS;
21739      by _VARIABLE_;
MPRINT(EM_DIAGRAM):   by _VARIABLE_;
21740      run;
MPRINT(EM_DIAGRAM):   run;

NOTE: There were 2 observations read from the data set WORK.PART_BAR.
NOTE: The data set WORK.PART_BAR has 2 observations and 6 variables.
NOTE: PROCEDURE SORT used (Total process time):
      real time           0.01 seconds
      cpu time            0.01 seconds
      

21741      proc sort data=WORK.M0IM98XS;
MPRINT(EM_DIAGRAM):   proc sort data=WORK.M0IM98XS;
21742      by Name;
MPRINT(EM_DIAGRAM):   by Name;
21743      run;
MPRINT(EM_DIAGRAM):   run;

NOTE: Input data set is already sorted, no sorting done.
NOTE: PROCEDURE SORT used (Total process time):
      real time           0.00 seconds
      cpu time            0.00 seconds
      

21744      data WORK.Part_BAR;
MPRINT(EM_DIAGRAM):   data WORK.Part_BAR;
21745      merge WORK.Part_BAR(in=_a) WORK.M0IM98XS(keep=Name Label Role rename=(Name=_Variable_ Label=_Label_));
MPRINT(EM_DIAGRAM):   merge WORK.Part_BAR(in=_a) WORK.M0IM98XS(keep=Name Label Role rename=(Name=_Variable_ Label=_Label_));
21746      by _Variable_;
MPRINT(EM_DIAGRAM):   by _Variable_;
21747      label Role = "%sysfunc(sasmsg(sashelp.dmine, meta_role_vlabel ,  NOQUOTE))";
MPRINT(EM_DIAGRAM):   label Role = "Role";
21748      label Label = "%sysfunc(sasmsg(sashelp.dmine, meta_label_vlabel , NOQUOTE))";
MPRINT(EM_DIAGRAM):   label Label = "Label";
21749      if _a then output;
MPRINT(EM_DIAGRAM):   if _a then output;
21750      run;
MPRINT(EM_DIAGRAM):   run;

NOTE: Variable Label is uninitialized.
WARNING: Multiple lengths were specified for the BY variable _VARIABLE_ by input data sets. This might cause unexpected results.
NOTE: There were 2 observations read from the data set WORK.PART_BAR.
NOTE: There were 1 observations read from the data set WORK.M0IM98XS.
NOTE: The data set WORK.PART_BAR has 2 observations and 8 variables.
NOTE: DATA statement used (Total process time):
      real time           0.03 seconds
      cpu time            0.01 seconds
      

21751      data WORK.Part_BAR;
MPRINT(EM_DIAGRAM):    data WORK.Part_BAR;
21752      length DATA $8;
MPRINT(EM_DIAGRAM):   length DATA $8;
21753      set WORK.Part_BAR;
MPRINT(EM_DIAGRAM):   set WORK.Part_BAR;
21754      DATA = "VALIDATE";
MPRINT(EM_DIAGRAM):   DATA = "VALIDATE";
21755      run;
MPRINT(EM_DIAGRAM):   run;

NOTE: There were 2 observations read from the data set WORK.PART_BAR.
NOTE: The data set WORK.PART_BAR has 2 observations and 9 variables.
NOTE: DATA statement used (Total process time):
      real time           0.01 seconds
      cpu time            0.01 seconds
      

21756      data EMWS1.Part_CLASS;
MPRINT(EM_DIAGRAM):   data EMWS1.Part_CLASS;
21757      set EMWS1.Part_CLASS WORK.Part_BAR;
MPRINT(EM_DIAGRAM):   set EMWS1.Part_CLASS WORK.Part_BAR;
21758      run;
MPRINT(EM_DIAGRAM):   run;

NOTE: There were 4 observations read from the data set EMWS1.PART_CLASS.
NOTE: There were 2 observations read from the data set WORK.PART_BAR.
NOTE: The data set EMWS1.PART_CLASS has 6 observations and 9 variables.
NOTE: DATA statement used (Total process time):
      real time           0.01 seconds
      cpu time            0.01 seconds
      

21759      *------------------------------------------------------------*;
MPRINT(EM_DIAGRAM):    *------------------------------------------------------------*;
21760      * Part: Computing statistics for interval target variables;
MPRINT(EM_DIAGRAM):   * Part: Computing statistics for interval target variables;
21761      *------------------------------------------------------------*;
MPRINT(EM_DIAGRAM):   *------------------------------------------------------------*;
21762      data EMWS1.Part_CLASS(rename=(_VARIABLE_=VARIABLE _X_=VALUE _XLABEL_=FORMATTEDVALUE));
MPRINT(EM_DIAGRAM):   data EMWS1.Part_CLASS(rename=(_VARIABLE_=VARIABLE _X_=VALUE _XLABEL_=FORMATTEDVALUE));
21763      label DATA = "%sysfunc(sasmsg(sashelp.dmine, rpt_data_vlabel ,   NOQUOTE))";
MPRINT(EM_DIAGRAM):   label DATA = "Data";
21764      set EMWS1.Part_CLASS;
MPRINT(EM_DIAGRAM):   set EMWS1.Part_CLASS;
21765      drop type role;
MPRINT(EM_DIAGRAM):   drop type role;
21766      run;
MPRINT(EM_DIAGRAM):   run;

NOTE: There were 6 observations read from the data set EMWS1.PART_CLASS.
NOTE: The data set EMWS1.PART_CLASS has 6 observations and 7 variables.
NOTE: DATA statement used (Total process time):
      real time           0.02 seconds
      cpu time            0.01 seconds
      

21767      proc sort data=EMWS1.Part_CLASS NOTHREADS;
MPRINT(EM_DIAGRAM):   proc sort data=EMWS1.Part_CLASS NOTHREADS;
21768      by DATA;
MPRINT(EM_DIAGRAM):   by DATA;
21769      run;
MPRINT(EM_DIAGRAM):   run;

NOTE: There were 6 observations read from the data set EMWS1.PART_CLASS.
NOTE: The data set EMWS1.PART_CLASS has 6 observations and 7 variables.
NOTE: PROCEDURE SORT used (Total process time):
      real time           0.01 seconds
      cpu time            0.01 seconds
      

21770      %let _cn = %sysfunc(getoption(CENTER));
21771      %let _nb = %sysfunc(getoption(NUMBER));
21772      options nonumber nocenter;
MPRINT(EM_DIAGRAM):   options nonumber nocenter;
21773      proc print data=EMWS1.Part_CLASS noobs label;
MPRINT(EM_DIAGRAM):   proc print data=EMWS1.Part_CLASS noobs label;
21774      by DATA;
MPRINT(EM_DIAGRAM):   by DATA;
21775      title9 ' ';
MPRINT(EM_DIAGRAM):   title9 ' ';
21776      title10 "%sysfunc(sasmsg(sashelp.dmine, rpt_classTargetStats_title, NOQUOTE))";
MPRINT(EM_DIAGRAM):   title10 "Summary Statistics for Class Targets";
MPRINT(EM_DIAGRAM):   run;
21777      run;

NOTE: There were 6 observations read from the data set EMWS1.PART_CLASS.
NOTE: The PROCEDURE PRINT printed page 3.
NOTE: PROCEDURE PRINT used (Total process time):
      real time           0.03 seconds
      cpu time            0.03 seconds
      

21778      title10;
MPRINT(EM_DIAGRAM):   title10;
21779      options &_cn &_nb;
MPRINT(EM_DIAGRAM):   options NOCENTER NONUMBER;
MPRINT(EM_DIAGRAM):    proc printto;
MPRINT(EM_DIAGRAM):   run;
