MPRINT(EM_DIAGRAM):    data _null_;
MPRINT(EM_DIAGRAM):   call symput('NLDATE', strip(put(date(), NLDATE.)));
MPRINT(EM_DIAGRAM):   call symput('NLTIME', strip(put(datetime(), NLTIME.)));
MPRINT(EM_DIAGRAM):   run;
MPRINT(EM_DIAGRAM):   data _null_;
MPRINT(EM_DIAGRAM):   nldate= sasmsg("sashelp.dmine", "log_date_note", 'N', "April 16, 2022" );
MPRINT(EM_DIAGRAM):   nltime= sasmsg("sashelp.dmine", "log_time_note", 'N', "02:30:37 o'clock" );
MPRINT(EM_DIAGRAM):   put "*------------------------------------------------------------*";
MPRINT(EM_DIAGRAM):   put "* Report Log";
MPRINT(EM_DIAGRAM):   put nldate;
MPRINT(EM_DIAGRAM):   put nltime;
MPRINT(EM_DIAGRAM):   put "*------------------------------------------------------------*";
MPRINT(EM_DIAGRAM):   run;
*------------------------------------------------------------*
* Report Log
Date:                April 16, 2022
Time:                02:30:37 o'clock
*------------------------------------------------------------*
MPRINT(EM_DIAGRAM):    filename O3UAAJAK "D:\\127097210_Pahuja\Workspaces\EMWS3\Trans\EMREPORT.out" encoding="UTF-8" NOBOM;
MPRINT(EM_DIAGRAM):   proc printto print=O3UAAJAK new;
MPRINT(EM_DIAGRAM):   run;
27879      *------------------------------------------------------------*;
MPRINT(EM_DIAGRAM):    *------------------------------------------------------------*;
27880      * &msgString;
MPRINT(EM_DIAGRAM):   * &msgString;
27881      *------------------------------------------------------------*;
MPRINT(EM_DIAGRAM):   *------------------------------------------------------------*;
27882      filename _flowref "D:\\127097210_Pahuja\Workspaces\EMWS3\Trans\EMFLOWSCORE.sas";
MPRINT(EM_DIAGRAM):   filename _flowref "D:\\127097210_Pahuja\Workspaces\EMWS3\Trans\EMFLOWSCORE.sas";
27883      proc FCMP NOEXECUTE IMPUTEDDEPS OUTDEPS=WORK.TRANS_SCOREINPUTS;
MPRINT(EM_DIAGRAM):   proc FCMP NOEXECUTE IMPUTEDDEPS OUTDEPS=WORK.TRANS_SCOREINPUTS;
27884      %INCLUDE _flowref;
MPRINT(EM_DIAGRAM):   *------------------------------------------------------------*;
MPRINT(EM_DIAGRAM):   * Formula Code;
MPRINT(EM_DIAGRAM):   *------------------------------------------------------------*;
MPRINT(EM_DIAGRAM):   _fold_ =int(ranuni(1))*5+1 ;
27889      run;
MPRINT(EM_DIAGRAM):   run;

NOTE: Dependency structure written to data set WORK.TRANS_SCOREINPUTS.
NOTE: PROCEDURE FCMP used (Total process time):
      real time           0.13 seconds
      cpu time            0.04 seconds
      

MPRINT(EM_DIAGRAM):   quit;
27890      quit;
27891      data WORK.TRANS_SCOREINPUTS;
MPRINT(EM_DIAGRAM):   data WORK.TRANS_SCOREINPUTS;
27892      set WORK.TRANS_SCOREINPUTS(keep=RHS rename=(RHS=NAME));
MPRINT(EM_DIAGRAM):   set WORK.TRANS_SCOREINPUTS(keep=RHS rename=(RHS=NAME));
27893      length UNAME $32;
MPRINT(EM_DIAGRAM):   length UNAME $32;
27894      UNAME = upcase(NAME);
MPRINT(EM_DIAGRAM):   UNAME = upcase(NAME);
27895      run;
MPRINT(EM_DIAGRAM):   run;

NOTE: There were 0 observations read from the data set WORK.TRANS_SCOREINPUTS.
NOTE: The data set WORK.TRANS_SCOREINPUTS has 0 observations and 2 variables.
NOTE: DATA statement used (Total process time):
      real time           0.01 seconds
      cpu time            0.00 seconds
      

27896      proc sort data=WORK.TRANS_SCOREINPUTS NODUPKEY;
MPRINT(EM_DIAGRAM):   proc sort data=WORK.TRANS_SCOREINPUTS NODUPKEY;
27897      by UNAME;
MPRINT(EM_DIAGRAM):   by UNAME;
27898      run;
MPRINT(EM_DIAGRAM):   run;

NOTE: Input data set is empty.
NOTE: 0 observations with duplicate key values were deleted.
NOTE: The data set WORK.TRANS_SCOREINPUTS has 0 observations and 2 variables.
NOTE: PROCEDURE SORT used (Total process time):
      real time           0.00 seconds
      cpu time            0.00 seconds
      

27899      filename _flowref;
MPRINT(EM_DIAGRAM):   filename _flowref;
NOTE: Fileref _FLOWREF has been deassigned.
27900      %let SYSCC = 0;
27901      *------------------------------------------------------------*;
MPRINT(EM_DIAGRAM):    *------------------------------------------------------------*;
27902      * transformcombinevariables;
MPRINT(EM_DIAGRAM):   * transformcombinevariables;
27903      *------------------------------------------------------------*;
MPRINT(EM_DIAGRAM):   *------------------------------------------------------------*;
27904      data WORK.TRANS_OUTPUTVARS;
MPRINT(EM_DIAGRAM):   data WORK.TRANS_OUTPUTVARS;
27905      length Uname inputName $32 inputLevel $10 inputType $1 _MetaFlag 8;
MPRINT(EM_DIAGRAM):   length Uname inputName $32 inputLevel $10 inputType $1 _MetaFlag 8;
27906      set
27907      EMWS3.Trans_FORMULA
27908      ;
MPRINT(EM_DIAGRAM):   set EMWS3.Trans_FORMULA ;
27909      _MetaFlag=0;
MPRINT(EM_DIAGRAM):   _MetaFlag=0;
27910      uname = upcase(name);
MPRINT(EM_DIAGRAM):   uname = upcase(name);
27911      run;
MPRINT(EM_DIAGRAM):   run;

NOTE: Variable inputName is uninitialized.
NOTE: Variable inputLevel is uninitialized.
NOTE: Variable inputType is uninitialized.
NOTE: There were 1 observations read from the data set EMWS3.TRANS_FORMULA.
NOTE: The data set WORK.TRANS_OUTPUTVARS has 1 observations and 22 variables.
NOTE: DATA statement used (Total process time):
      real time           0.01 seconds
      cpu time            0.01 seconds
      

27912      data _temp;
MPRINT(EM_DIAGRAM):    data _temp;
27913      length UNAME $32;
MPRINT(EM_DIAGRAM):   length UNAME $32;
27914      set EMWS3.Trans_CMeta_TRAIN(keep=NAME LEVEL ROLE TYPE CREATOR LABEL);
MPRINT(EM_DIAGRAM):   set EMWS3.Trans_CMeta_TRAIN(keep=NAME LEVEL ROLE TYPE CREATOR LABEL);
27915      UNAME = upcase(name);
MPRINT(EM_DIAGRAM):   UNAME = upcase(name);
27916      where upcase(CREATOR) = upcase("Trans");
MPRINT(EM_DIAGRAM):   where upcase(CREATOR) = upcase("Trans");
27917      run;
MPRINT(EM_DIAGRAM):   run;

NOTE: There were 1 observations read from the data set EMWS3.TRANS_CMETA_TRAIN.
      WHERE UPCASE(CREATOR)='TRANS';
NOTE: The data set WORK._TEMP has 1 observations and 7 variables.
NOTE: DATA statement used (Total process time):
      real time           0.01 seconds
      cpu time            0.01 seconds
      

27918      proc sort data=_temp(drop=CREATOR);
MPRINT(EM_DIAGRAM):   proc sort data=_temp(drop=CREATOR);
27919      by UNAME;
MPRINT(EM_DIAGRAM):   by UNAME;
27920      run;
MPRINT(EM_DIAGRAM):   run;

NOTE: There were 1 observations read from the data set WORK._TEMP.
NOTE: The data set WORK._TEMP has 1 observations and 6 variables.
NOTE: PROCEDURE SORT used (Total process time):
      real time           0.00 seconds
      cpu time            0.01 seconds
      

27921      proc sort data=WORK.TRANS_OUTPUTVARS;
MPRINT(EM_DIAGRAM):    proc sort data=WORK.TRANS_OUTPUTVARS;
27922      by UNAME;
MPRINT(EM_DIAGRAM):   by UNAME;
27923      run;
MPRINT(EM_DIAGRAM):   run;

NOTE: There were 1 observations read from the data set WORK.TRANS_OUTPUTVARS.
NOTE: The data set WORK.TRANS_OUTPUTVARS has 1 observations and 22 variables.
NOTE: PROCEDURE SORT used (Total process time):
      real time           0.00 seconds
      cpu time            0.00 seconds
      

27924      data WORK.TRANS_OUTPUTVARS;
MPRINT(EM_DIAGRAM):   data WORK.TRANS_OUTPUTVARS;
27925      merge WORK.TRANS_OUTPUTVARS _temp;
MPRINT(EM_DIAGRAM):   merge WORK.TRANS_OUTPUTVARS _temp;
27926      by UNAME;
MPRINT(EM_DIAGRAM):   by UNAME;
27927      run;
MPRINT(EM_DIAGRAM):   run;

NOTE: There were 1 observations read from the data set WORK.TRANS_OUTPUTVARS.
NOTE: There were 1 observations read from the data set WORK._TEMP.
NOTE: The data set WORK.TRANS_OUTPUTVARS has 1 observations and 22 variables.
NOTE: DATA statement used (Total process time):
      real time           0.01 seconds
      cpu time            0.01 seconds
      

27928      *------------------------------------------------------------*;
MPRINT(EM_DIAGRAM):    *------------------------------------------------------------*;
27929      * Trans: Get Metadata for the Score Inputs Variables;
MPRINT(EM_DIAGRAM):   * Trans: Get Metadata for the Score Inputs Variables;
27930      *------------------------------------------------------------*;
MPRINT(EM_DIAGRAM):   *------------------------------------------------------------*;
27931      data _temp;
MPRINT(EM_DIAGRAM):   data _temp;
27932      length UNAME $32;
MPRINT(EM_DIAGRAM):   length UNAME $32;
27933      set EMWS3.Trans_VariableSet(keep=NAME LEVEL TYPE LABEL);
MPRINT(EM_DIAGRAM):   set EMWS3.Trans_VariableSet(keep=NAME LEVEL TYPE LABEL);
27934      UNAME = upcase(name);
MPRINT(EM_DIAGRAM):   UNAME = upcase(name);
27935      run;
MPRINT(EM_DIAGRAM):   run;

NOTE: There were 13 observations read from the data set EMWS3.TRANS_VARIABLESET.
NOTE: The data set WORK._TEMP has 13 observations and 5 variables.
NOTE: DATA statement used (Total process time):
      real time           0.01 seconds
      cpu time            0.01 seconds
      

27936      proc sort data=_temp;
MPRINT(EM_DIAGRAM):   proc sort data=_temp;
27937      by UNAME;
MPRINT(EM_DIAGRAM):   by UNAME;
27938      run;
MPRINT(EM_DIAGRAM):   run;

NOTE: There were 13 observations read from the data set WORK._TEMP.
NOTE: The data set WORK._TEMP has 13 observations and 5 variables.
NOTE: PROCEDURE SORT used (Total process time):
      real time           0.00 seconds
      cpu time            0.00 seconds
      

27939      data WORK.TRANS_SCOREINPUTS;
MPRINT(EM_DIAGRAM):   data WORK.TRANS_SCOREINPUTS;
27940      merge WORK.TRANS_SCOREINPUTS(in=_a) _temp(in=_b);
MPRINT(EM_DIAGRAM):   merge WORK.TRANS_SCOREINPUTS(in=_a) _temp(in=_b);
27941      by UNAME;
MPRINT(EM_DIAGRAM):   by UNAME;
27942      if _a and _b then output;
MPRINT(EM_DIAGRAM):   if _a and _b then output;
27943      run;
MPRINT(EM_DIAGRAM):   run;

NOTE: There were 0 observations read from the data set WORK.TRANS_SCOREINPUTS.
NOTE: There were 13 observations read from the data set WORK._TEMP.
NOTE: The data set WORK.TRANS_SCOREINPUTS has 0 observations and 5 variables.
NOTE: DATA statement used (Total process time):
      real time           0.01 seconds
      cpu time            0.01 seconds
      

27944      *------------------------------------------------------------*;
MPRINT(EM_DIAGRAM):    *------------------------------------------------------------*;
27945      * Trans: Computing Summary Statistics;
MPRINT(EM_DIAGRAM):   * Trans: Computing Summary Statistics;
27946      *------------------------------------------------------------*;
MPRINT(EM_DIAGRAM):   *------------------------------------------------------------*;
27947      proc dmdb data=EMWS3.Trans_TRAIN classout=WORK.TRANS_CLASSSTATS varout=WORK.TRANS_VARSTATS;
NOTE: Data file BAN210.EBREASTCANCER.DATA is in a format that is native to another host, or the file encoding does not match the session encoding. Cross Environment Data Access will be used, which might require additional CPU resources and might reduce 
      performance.
MPRINT(EM_DIAGRAM):   proc dmdb data=EMWS3.Trans_TRAIN classout=WORK.TRANS_CLASSSTATS varout=WORK.TRANS_VARSTATS;
27948      ;
MPRINT(EM_DIAGRAM):   ;
27949      var
27950      _fold_
27951      ;
MPRINT(EM_DIAGRAM):   var _fold_ ;
27952      run;
MPRINT(EM_DIAGRAM):   run;

NOTE: Records processed = 286   Memory used = 511K.
NOTE: There were 286 observations read from the data set BAN210.EBREASTCANCER.
NOTE: View EMWS3.TRANS_TRAIN.VIEW used (Total process time):
      real time           0.07 seconds
      cpu time            0.07 seconds
      
NOTE: There were 286 observations read from the data set EMWS3.IDS2_DATA.
NOTE: There were 286 observations read from the data set EMWS3.TRANS_TRAIN.
NOTE: The data set WORK.TRANS_VARSTATS has 1 observations and 9 variables.
NOTE: PROCEDURE DMDB used (Total process time):
      real time           0.09 seconds
      cpu time            0.09 seconds
      

27953      *------------------------------------------------------------*;
MPRINT(EM_DIAGRAM):    *------------------------------------------------------------*;
27954      * Trans: Combine Information and Statistics for Class Variables;
MPRINT(EM_DIAGRAM):   * Trans: Combine Information and Statistics for Class Variables;
27955      *------------------------------------------------------------*;
MPRINT(EM_DIAGRAM):   *------------------------------------------------------------*;
27956      proc sort data=WORK.TRANS_OUTPUTVARS out=_temp;
MPRINT(EM_DIAGRAM):   proc sort data=WORK.TRANS_OUTPUTVARS out=_temp;
27957      by NAME;
MPRINT(EM_DIAGRAM):   by NAME;
27958      run;
MPRINT(EM_DIAGRAM):   run;

NOTE: There were 1 observations read from the data set WORK.TRANS_OUTPUTVARS.
NOTE: The data set WORK._TEMP has 1 observations and 22 variables.
NOTE: PROCEDURE SORT used (Total process time):
      real time           0.00 seconds
      cpu time            0.01 seconds
      

27959      proc sort data=WORK.TRANS_CLASSSTATS;
MPRINT(EM_DIAGRAM):   proc sort data=WORK.TRANS_CLASSSTATS;
27960      by NAME;
MPRINT(EM_DIAGRAM):   by NAME;
27961      run;
MPRINT(EM_DIAGRAM):   run;

NOTE: Input data set is empty.
NOTE: The data set WORK.TRANS_CLASSSTATS has 0 observations and 9 variables.
NOTE: PROCEDURE SORT used (Total process time):
      real time           0.00 seconds
      cpu time            0.00 seconds
      

27962      data WORK.TRANS_CLASSSTATS(keep=name nlevel nmiss);
MPRINT(EM_DIAGRAM):   data WORK.TRANS_CLASSSTATS(keep=name nlevel nmiss);
27963      retain nlevel nmiss;
MPRINT(EM_DIAGRAM):   retain nlevel nmiss;
27964      set WORK.TRANS_CLASSSTATS;
MPRINT(EM_DIAGRAM):   set WORK.TRANS_CLASSSTATS;
27965      by Name;
MPRINT(EM_DIAGRAM):   by Name;
27966      if first.Name then do;
MPRINT(EM_DIAGRAM):   if first.Name then do;
27967      nlevel= 0;
MPRINT(EM_DIAGRAM):   nlevel= 0;
27968      nmiss= 0;
MPRINT(EM_DIAGRAM):   nmiss= 0;
27969      end;
MPRINT(EM_DIAGRAM):   end;
27970      if (type='C' and CRAW='') or (type='N' and NRAW=.) then nmiss = FREQUENCY;
MPRINT(EM_DIAGRAM):   if (type='C' and CRAW='') or (type='N' and NRAW=.) then nmiss = FREQUENCY;
27971      else nlevel + 1;
MPRINT(EM_DIAGRAM):   else nlevel + 1;
27972      if last.name then output;
MPRINT(EM_DIAGRAM):   if last.name then output;
27973      run;
MPRINT(EM_DIAGRAM):   run;

NOTE: There were 0 observations read from the data set WORK.TRANS_CLASSSTATS.
NOTE: The data set WORK.TRANS_CLASSSTATS has 0 observations and 3 variables.
NOTE: DATA statement used (Total process time):
      real time           0.01 seconds
      cpu time            0.00 seconds
      

27974      /*Merge Statistics for Class Output Vars */
27975      data WORK.TRANS_CLASSSTATS;
MPRINT(EM_DIAGRAM):   data WORK.TRANS_CLASSSTATS;
27976      length SOURCE $6 _METHOD_ $8 NAME $32 FORMULA $300;
MPRINT(EM_DIAGRAM):   length SOURCE $6 _METHOD_ $8 NAME $32 FORMULA $300;
27977      merge WORK.TRANS_CLASSSTATS(in=_a) _temp(in=_b keep=NAME InputName Formula _MetaFlag LEVEL TYPE LABEL);
MPRINT(EM_DIAGRAM):   merge WORK.TRANS_CLASSSTATS(in=_a) _temp(in=_b keep=NAME InputName Formula _MetaFlag LEVEL TYPE LABEL);
27978      by NAME;
MPRINT(EM_DIAGRAM):   by NAME;
27979      if _a and _b then do;
MPRINT(EM_DIAGRAM):   if _a and _b then do;
27980      SOURCE='Output';
MPRINT(EM_DIAGRAM):   SOURCE='Output';
27981      if _MetaFlag = 1 then _METHOD_="Meta";
MPRINT(EM_DIAGRAM):   if _MetaFlag = 1 then _METHOD_="Meta";
27982      else if Formula eq 'Interaction' then _METHOD_="Computed";
MPRINT(EM_DIAGRAM):   else if Formula eq 'Interaction' then _METHOD_="Computed";
27983      else if inputName eq '' then _METHOD_="Formula";
MPRINT(EM_DIAGRAM):   else if inputName eq '' then _METHOD_="Formula";
27984      else _METHOD_="Computed";
MPRINT(EM_DIAGRAM):   else _METHOD_="Computed";
27985      if Formula = '' then Formula = "User Code";
MPRINT(EM_DIAGRAM):   if Formula = '' then Formula = "User Code";
27986      end;
MPRINT(EM_DIAGRAM):   end;
27987      if _a then output;
MPRINT(EM_DIAGRAM):   if _a then output;
27988      drop inputName LEVEL TYPE _MetaFlag;
MPRINT(EM_DIAGRAM):   drop inputName LEVEL TYPE _MetaFlag;
27989      run;
MPRINT(EM_DIAGRAM):   run;

NOTE: There were 0 observations read from the data set WORK.TRANS_CLASSSTATS.
NOTE: There were 1 observations read from the data set WORK._TEMP.
NOTE: The data set WORK.TRANS_CLASSSTATS has 0 observations and 7 variables.
NOTE: DATA statement used (Total process time):
      real time           0.01 seconds
      cpu time            0.00 seconds
      

27990      /*Merge Statistics for Class Input Vars */
27991      proc sort data=WORK.TRANS_SCOREINPUTS(drop=TYPE LEVEL) out=_temp nodupkey;
MPRINT(EM_DIAGRAM):   proc sort data=WORK.TRANS_SCOREINPUTS(drop=TYPE LEVEL) out=_temp nodupkey;
27992      by NAME;
MPRINT(EM_DIAGRAM):   by NAME;
27993      run;
MPRINT(EM_DIAGRAM):   run;

NOTE: Input data set is empty.
NOTE: 0 observations with duplicate key values were deleted.
NOTE: The data set WORK._TEMP has 0 observations and 3 variables.
NOTE: PROCEDURE SORT used (Total process time):
      real time           0.00 seconds
      cpu time            0.01 seconds
      

27994      data WORK.TRANS_CLASSSTATS;
MPRINT(EM_DIAGRAM):   data WORK.TRANS_CLASSSTATS;
27995      merge WORK.TRANS_CLASSSTATS(in=_a) _temp(in=_b);
MPRINT(EM_DIAGRAM):   merge WORK.TRANS_CLASSSTATS(in=_a) _temp(in=_b);
27996      by NAME;
MPRINT(EM_DIAGRAM):   by NAME;
27997      if _a and _b then do;
MPRINT(EM_DIAGRAM):   if _a and _b then do;
27998      SOURCE='Input';
MPRINT(EM_DIAGRAM):   SOURCE='Input';
27999      _METHOD_="Original";
MPRINT(EM_DIAGRAM):   _METHOD_="Original";
28000      end;
MPRINT(EM_DIAGRAM):   end;
28001      if _a then output;
MPRINT(EM_DIAGRAM):   if _a then output;
28002      run;
MPRINT(EM_DIAGRAM):   run;

NOTE: There were 0 observations read from the data set WORK.TRANS_CLASSSTATS.
NOTE: There were 0 observations read from the data set WORK._TEMP.
NOTE: The data set WORK.TRANS_CLASSSTATS has 0 observations and 8 variables.
NOTE: DATA statement used (Total process time):
      real time           0.01 seconds
      cpu time            0.00 seconds
      

28003      *------------------------------------------------------------*;
MPRINT(EM_DIAGRAM):    *------------------------------------------------------------*;
28004      * Trans: Combine Information and Statistics for Interval Variables;
MPRINT(EM_DIAGRAM):   * Trans: Combine Information and Statistics for Interval Variables;
28005      *------------------------------------------------------------*;
MPRINT(EM_DIAGRAM):   *------------------------------------------------------------*;
28006      proc sort data=WORK.TRANS_OUTPUTVARS out=_temp;
MPRINT(EM_DIAGRAM):   proc sort data=WORK.TRANS_OUTPUTVARS out=_temp;
28007      by NAME;
MPRINT(EM_DIAGRAM):   by NAME;
28008      run;
MPRINT(EM_DIAGRAM):   run;

NOTE: There were 1 observations read from the data set WORK.TRANS_OUTPUTVARS.
NOTE: The data set WORK._TEMP has 1 observations and 22 variables.
NOTE: PROCEDURE SORT used (Total process time):
      real time           0.00 seconds
      cpu time            0.00 seconds
      

28009      proc sort data=WORK.TRANS_VARSTATS;
MPRINT(EM_DIAGRAM):   proc sort data=WORK.TRANS_VARSTATS;
28010      by NAME;
MPRINT(EM_DIAGRAM):   by NAME;
28011      run;
MPRINT(EM_DIAGRAM):   run;

NOTE: There were 1 observations read from the data set WORK.TRANS_VARSTATS.
NOTE: The data set WORK.TRANS_VARSTATS has 1 observations and 9 variables.
NOTE: PROCEDURE SORT used (Total process time):
      real time           0.00 seconds
      cpu time            0.00 seconds
      

MPRINT(EM_DIAGRAM):   *Merge Statistics for Output Vars;
28012      *Merge Statistics for Output Vars;
28013      data WORK.TRANS_VARSTATS;
MPRINT(EM_DIAGRAM):   data WORK.TRANS_VARSTATS;
28014      length SOURCE $6 _METHOD_ $8 NAME $32 FORMULA $300;
MPRINT(EM_DIAGRAM):   length SOURCE $6 _METHOD_ $8 NAME $32 FORMULA $300;
28015      merge WORK.TRANS_VARSTATS(in=_a) _temp(in=_b keep=NAME Formula InputName _MetaFlag LEVEL TYPE LABEL);
MPRINT(EM_DIAGRAM):   merge WORK.TRANS_VARSTATS(in=_a) _temp(in=_b keep=NAME Formula InputName _MetaFlag LEVEL TYPE LABEL);
28016      by NAME;
MPRINT(EM_DIAGRAM):   by NAME;
28017      if _a and _b then do;
MPRINT(EM_DIAGRAM):   if _a and _b then do;
28018      SOURCE='Output';
MPRINT(EM_DIAGRAM):   SOURCE='Output';
28019      if _MetaFlag = 1 then _METHOD_="Meta";
MPRINT(EM_DIAGRAM):   if _MetaFlag = 1 then _METHOD_="Meta";
28020      else if Formula eq 'Interaction' then _METHOD_="Computed";
MPRINT(EM_DIAGRAM):   else if Formula eq 'Interaction' then _METHOD_="Computed";
28021      else if inputName eq '' then _METHOD_="Formula";
MPRINT(EM_DIAGRAM):   else if inputName eq '' then _METHOD_="Formula";
28022      else _METHOD_="Computed";
MPRINT(EM_DIAGRAM):   else _METHOD_="Computed";
28023      if Formula = '' then Formula = "Mixture of variables";
MPRINT(EM_DIAGRAM):   if Formula = '' then Formula = "Mixture of variables";
28024      end;
MPRINT(EM_DIAGRAM):   end;
28025      if _a then output;
MPRINT(EM_DIAGRAM):   if _a then output;
28026      drop inputName LEVEL TYPE _MetaFlag;
MPRINT(EM_DIAGRAM):   drop inputName LEVEL TYPE _MetaFlag;
28027      run;
MPRINT(EM_DIAGRAM):   run;

NOTE: There were 1 observations read from the data set WORK.TRANS_VARSTATS.
NOTE: There were 1 observations read from the data set WORK._TEMP.
NOTE: The data set WORK.TRANS_VARSTATS has 1 observations and 13 variables.
NOTE: DATA statement used (Total process time):
      real time           0.01 seconds
      cpu time            0.01 seconds
      

MPRINT(EM_DIAGRAM):   *Merge Statistics for Input Vars;
28028      *Merge Statistics for Input Vars;
28029      proc sort data=WORK.TRANS_SCOREINPUTS(drop=TYPE LEVEL) out=_temp nodupkey;
MPRINT(EM_DIAGRAM):   proc sort data=WORK.TRANS_SCOREINPUTS(drop=TYPE LEVEL) out=_temp nodupkey;
28030      by NAME;
MPRINT(EM_DIAGRAM):   by NAME;
28031      run;
MPRINT(EM_DIAGRAM):   run;

NOTE: Input data set is empty.
NOTE: 0 observations with duplicate key values were deleted.
NOTE: The data set WORK._TEMP has 0 observations and 3 variables.
NOTE: PROCEDURE SORT used (Total process time):
      real time           0.00 seconds
      cpu time            0.01 seconds
      

28032      data WORK.TRANS_VARSTATS;
MPRINT(EM_DIAGRAM):   data WORK.TRANS_VARSTATS;
28033      merge WORK.TRANS_VARSTATS(in=_a) _temp(in=_b);
MPRINT(EM_DIAGRAM):   merge WORK.TRANS_VARSTATS(in=_a) _temp(in=_b);
28034      by NAME;
MPRINT(EM_DIAGRAM):   by NAME;
28035      if _a and _b then do;
MPRINT(EM_DIAGRAM):   if _a and _b then do;
28036      SOURCE='Input';
MPRINT(EM_DIAGRAM):   SOURCE='Input';
28037      _METHOD_="Original";
MPRINT(EM_DIAGRAM):   _METHOD_="Original";
28038      end;
MPRINT(EM_DIAGRAM):   end;
28039      if _a then output;
MPRINT(EM_DIAGRAM):   if _a then output;
28040      run;
MPRINT(EM_DIAGRAM):   run;

NOTE: There were 1 observations read from the data set WORK.TRANS_VARSTATS.
NOTE: There were 0 observations read from the data set WORK._TEMP.
NOTE: The data set WORK.TRANS_VARSTATS has 1 observations and 14 variables.
NOTE: DATA statement used (Total process time):
      real time           0.01 seconds
      cpu time            0.00 seconds
      

28041      *------------------------------------------------------------*;
MPRINT(EM_DIAGRAM):    *------------------------------------------------------------*;
28042      * Trans: Combine statistics for class and interval variables;
MPRINT(EM_DIAGRAM):   * Trans: Combine statistics for class and interval variables;
28043      *------------------------------------------------------------*;
MPRINT(EM_DIAGRAM):   *------------------------------------------------------------*;
28044      data EMWS3.Trans_STATISTICS;
MPRINT(EM_DIAGRAM):   data EMWS3.Trans_STATISTICS;
28045      length SOURCE $6 _METHOD_ $8 NAME $32 FORMULA $300;
MPRINT(EM_DIAGRAM):   length SOURCE $6 _METHOD_ $8 NAME $32 FORMULA $300;
28046      label SOURCE = "%sysfunc(sasmsg(sashelp.dmine, rpt_source_vlabel,  NOQUOTE))" _METHOD_ = "%sysfunc(sasmsg(sashelp.dmine, rpt_method_vlabel,  NOQUOTE))" NAME = "%sysfunc(sasmsg(sashelp.dmine, meta_name_vlabel,  NOQUOTE))" FORMULA =
28047         "%sysfunc(sasmsg(sashelp.dmine, rpt_formula_vlabel,   NOQUOTE))" NLEVEL = "%sysfunc(sasmsg(sashelp.dmine, rpt_numcat_vlabel,   NOQUOTE))" N = "%sysfunc(sasmsg(sashelp.dmine, rpt_nonmiss_vlabel, NOQUOTE))" NMISS =
28048         "%sysfunc(sasmsg(sashelp.dmine, rpt_missing_vlabel, NOQUOTE))" MIN = "%sysfunc(sasmsg(sashelp.dmine, rpt_minimum_vlabel, NOQUOTE))" MAX = "%sysfunc(sasmsg(sashelp.dmine, rpt_maximum_vlabel, NOQUOTE))" MEAN =
28049         "%sysfunc(sasmsg(sashelp.dmine, rpt_mean_vlabel,    NOQUOTE))" STD = "%sysfunc(sasmsg(sashelp.dmine, rpt_std_vlabel,     NOQUOTE))" SKEWNESS = "%sysfunc(sasmsg(sashelp.dmine, rpt_skewness_vlabel, NOQUOTE))" KURTOSIS =
28050         "%sysfunc(sasmsg(sashelp.dmine, rpt_kurtosis_vlabel, NOQUOTE))" LABEL = "%sysfunc(sasmsg(sashelp.dmine, meta_label_vlabel, NOQUOTE))";
MPRINT(EM_DIAGRAM):   label SOURCE = "Source" _METHOD_ = "Method" NAME = "Variable Name" FORMULA = "Formula" NLEVEL = "Number of Levels" N = "Non Missing" NMISS = "Missing" MIN = "Minimum" MAX = "Maximum" MEAN = "Mean" STD = "Standard Deviation" SKEWNESS 
= "Skewness" KURTOSIS = "Kurtosis" LABEL = "Label";
28051      set
28052      WORK.TRANS_CLASSSTATS
28053      WORK.TRANS_VARSTATS
28054      ;
MPRINT(EM_DIAGRAM):   set WORK.TRANS_CLASSSTATS WORK.TRANS_VARSTATS ;
28055      drop UNAME;
MPRINT(EM_DIAGRAM):   drop UNAME;
28056      run;
MPRINT(EM_DIAGRAM):   run;

NOTE: There were 0 observations read from the data set WORK.TRANS_CLASSSTATS.
NOTE: There were 1 observations read from the data set WORK.TRANS_VARSTATS.
NOTE: The data set EMWS3.TRANS_STATISTICS has 1 observations and 14 variables.
NOTE: DATA statement used (Total process time):
      real time           0.14 seconds
      cpu time            0.04 seconds
      

28057      proc sort data=EMWS3.Trans_STATISTICS;
MPRINT(EM_DIAGRAM):   proc sort data=EMWS3.Trans_STATISTICS;
28058      by SOURCE _METHOD_ NAME;
MPRINT(EM_DIAGRAM):   by SOURCE _METHOD_ NAME;
28059      run;
MPRINT(EM_DIAGRAM):   run;

NOTE: There were 1 observations read from the data set EMWS3.TRANS_STATISTICS.
NOTE: The data set EMWS3.TRANS_STATISTICS has 1 observations and 14 variables.
NOTE: PROCEDURE SORT used (Total process time):
      real time           0.00 seconds
      cpu time            0.00 seconds
      

28060      proc sort data = EMWS3.Trans_STATISTICS NOTHREADS;
MPRINT(EM_DIAGRAM):    proc sort data = EMWS3.Trans_STATISTICS NOTHREADS;
28061      by SOURCE NAME;
MPRINT(EM_DIAGRAM):   by SOURCE NAME;
28062      run;
MPRINT(EM_DIAGRAM):   run;

NOTE: There were 1 observations read from the data set EMWS3.TRANS_STATISTICS.
NOTE: The data set EMWS3.TRANS_STATISTICS has 1 observations and 14 variables.
NOTE: PROCEDURE SORT used (Total process time):
      real time           0.00 seconds
      cpu time            0.01 seconds
      

28063      title9 ' ';
MPRINT(EM_DIAGRAM):   title9 ' ';
28064      proc print data = EMWS3.Trans_STATISTICS(obs=500) noobs label;
MPRINT(EM_DIAGRAM):   proc print data = EMWS3.Trans_STATISTICS(obs=500) noobs label;
28065      title9 "%sysfunc(sasmsg(sashelp.dmine, rpt_intervalinputStats_title, NOQUOTE))";
MPRINT(EM_DIAGRAM):   title9 "Summary Statistics for Input Interval Variables";
28066      title10 "%sysfunc(sasmsg(sashelp.dmine, rpt_maxObsPrinted_title, NOQUOTE))";
MPRINT(EM_DIAGRAM):   title10 "(maximum 500 observations printed)";
MPRINT(EM_DIAGRAM):   var Name NMISS MIN MAX MEAN STD SKEWNESS KURTOSIS;
MPRINT(EM_DIAGRAM):   where SOURCE eq 'INPUT' and mean ne .;
MPRINT(EM_DIAGRAM):   run;
28067      var Name NMISS MIN MAX MEAN STD SKEWNESS KURTOSIS;
28068      where SOURCE eq 'INPUT' and mean ne .;
28069      run;

NOTE: No observations were selected from data set EMWS3.TRANS_STATISTICS.
NOTE: There were 0 observations read from the data set EMWS3.TRANS_STATISTICS.
      WHERE (SOURCE='INPUT') and (mean not = .);
NOTE: PROCEDURE PRINT used (Total process time):
      real time           0.02 seconds
      cpu time            0.03 seconds
      

28070      proc print data = EMWS3.Trans_STATISTICS(obs=500) noobs label;
MPRINT(EM_DIAGRAM):   proc print data = EMWS3.Trans_STATISTICS(obs=500) noobs label;
28071      title9 "%sysfunc(sasmsg(sashelp.dmine, rpt_intervaloutputStats_title, NOQUOTE))";
MPRINT(EM_DIAGRAM):   title9 "Summary Statistics for Output Interval Variables";
28072      title10 "%sysfunc(sasmsg(sashelp.dmine, rpt_maxObsPrinted_title, NOQUOTE))";
MPRINT(EM_DIAGRAM):   title10 "(maximum 500 observations printed)";
MPRINT(EM_DIAGRAM):   var Name _METHOD_ NMISS MIN MAX MEAN STD SKEWNESS KURTOSIS;
MPRINT(EM_DIAGRAM):   where SOURCE eq 'OUTPUT' and mean ne .;
MPRINT(EM_DIAGRAM):   run;
28073      var Name _METHOD_ NMISS MIN MAX MEAN STD SKEWNESS KURTOSIS;
28074      where SOURCE eq 'OUTPUT' and mean ne .;
28075      run;

NOTE: No observations were selected from data set EMWS3.TRANS_STATISTICS.
NOTE: There were 0 observations read from the data set EMWS3.TRANS_STATISTICS.
      WHERE (SOURCE='OUTPUT') and (mean not = .);
NOTE: PROCEDURE PRINT used (Total process time):
      real time           0.02 seconds
      cpu time            0.01 seconds
      

28076      proc print data = EMWS3.Trans_STATISTICS(obs=500) noobs label;
MPRINT(EM_DIAGRAM):   proc print data = EMWS3.Trans_STATISTICS(obs=500) noobs label;
28077      title9 "%sysfunc(sasmsg(sashelp.dmine, rpt_classinputStats_title, NOQUOTE))";
MPRINT(EM_DIAGRAM):   title9 "Summary Statistics for Input Class Variables";
28078      title10 "%sysfunc(sasmsg(sashelp.dmine, rpt_maxObsPrinted_title, NOQUOTE))";
MPRINT(EM_DIAGRAM):   title10 "(maximum 500 observations printed)";
MPRINT(EM_DIAGRAM):   var Name NLEVEL NMISS;
MPRINT(EM_DIAGRAM):   where SOURCE eq 'INPUT' and nlevel ne .;
MPRINT(EM_DIAGRAM):   run;
28079      var Name NLEVEL NMISS;
28080      where SOURCE eq 'INPUT' and nlevel ne .;
28081      run;

NOTE: No observations were selected from data set EMWS3.TRANS_STATISTICS.
NOTE: There were 0 observations read from the data set EMWS3.TRANS_STATISTICS.
      WHERE (SOURCE='INPUT') and (nlevel not = .);
NOTE: PROCEDURE PRINT used (Total process time):
      real time           0.02 seconds
      cpu time            0.03 seconds
      

28082      proc print data = EMWS3.Trans_STATISTICS(obs=500) noobs label;
MPRINT(EM_DIAGRAM):   proc print data = EMWS3.Trans_STATISTICS(obs=500) noobs label;
28083      title9 "%sysfunc(sasmsg(sashelp.dmine, rpt_classoutputStats_title, NOQUOTE))";
MPRINT(EM_DIAGRAM):   title9 "Summary Statistics for Output Class Variables";
28084      title10 "%sysfunc(sasmsg(sashelp.dmine, rpt_maxObsPrinted_title, NOQUOTE))";
MPRINT(EM_DIAGRAM):   title10 "(maximum 500 observations printed)";
MPRINT(EM_DIAGRAM):   var Name _METHOD_ NLEVEL NMISS;
MPRINT(EM_DIAGRAM):   where SOURCE eq 'OUTPUT' and nlevel ne .;
MPRINT(EM_DIAGRAM):   run;
28085      var Name _METHOD_ NLEVEL NMISS;
28086      where SOURCE eq 'OUTPUT' and nlevel ne .;
28087      run;

NOTE: No observations were selected from data set EMWS3.TRANS_STATISTICS.
NOTE: There were 0 observations read from the data set EMWS3.TRANS_STATISTICS.
      WHERE (SOURCE='OUTPUT') and (nlevel not = .);
NOTE: PROCEDURE PRINT used (Total process time):
      real time           0.02 seconds
      cpu time            0.01 seconds
      

28088      title9;
MPRINT(EM_DIAGRAM):   title9;
28089      title10;
MPRINT(EM_DIAGRAM):   title10;
28090      data EMWS3.Trans_EMSCOREVAR;
MPRINT(EM_DIAGRAM):    data EMWS3.Trans_EMSCOREVAR;
28091      length Name $32 formula $300 file $200;
MPRINT(EM_DIAGRAM):   length Name $32 formula $300 file $200;
28092      keep NAME Formula file;
MPRINT(EM_DIAGRAM):   keep NAME Formula file;
28093      set EMWS3.Trans_STATISTICS;
MPRINT(EM_DIAGRAM):   set EMWS3.Trans_STATISTICS;
28094      where SOURCE='Output';
MPRINT(EM_DIAGRAM):   where SOURCE='Output';
28095      select( _METHOD_);
MPRINT(EM_DIAGRAM):   select( _METHOD_);
28096      when('Computed') do;
MPRINT(EM_DIAGRAM):   when('Computed') do;
28097      file="TRANSFORMCODE\"!!strip(NAME)!!'.sas';
MPRINT(EM_DIAGRAM):   file="TRANSFORMCODE\"!!strip(NAME)!!'.sas';
28098      formula = '';
MPRINT(EM_DIAGRAM):   formula = '';
28099      end;
MPRINT(EM_DIAGRAM):   end;
28100      when('Formula') do;
MPRINT(EM_DIAGRAM):   when('Formula') do;
28101      if Formula eq 'Mixture of variables' then do;
MPRINT(EM_DIAGRAM):   if Formula eq 'Mixture of variables' then do;
28102      file= "EDITORCODE.sas";
MPRINT(EM_DIAGRAM):   file= "EDITORCODE.sas";
28103      formula = '';
MPRINT(EM_DIAGRAM):   formula = '';
28104      end;
MPRINT(EM_DIAGRAM):   end;
28105      if Formula = 'User Code' then do;
MPRINT(EM_DIAGRAM):   if Formula = 'User Code' then do;
28106      file= "EDITORCODE.sas";
MPRINT(EM_DIAGRAM):   file= "EDITORCODE.sas";
28107      formula = '';
MPRINT(EM_DIAGRAM):   formula = '';
28108      end;
MPRINT(EM_DIAGRAM):   end;
28109      end;
MPRINT(EM_DIAGRAM):   end;
28110      otherwise;
MPRINT(EM_DIAGRAM):   otherwise;
28111      end;
MPRINT(EM_DIAGRAM):   end;
28112      output;
MPRINT(EM_DIAGRAM):   output;
28113      run;
MPRINT(EM_DIAGRAM):   run;

NOTE: There were 1 observations read from the data set EMWS3.TRANS_STATISTICS.
      WHERE SOURCE='Output';
NOTE: The data set EMWS3.TRANS_EMSCOREVAR has 1 observations and 3 variables.
NOTE: DATA statement used (Total process time):
      real time           0.01 seconds
      cpu time            0.00 seconds
      

MPRINT(EM_DIAGRAM):    proc printto;
MPRINT(EM_DIAGRAM):   run;
